14:04:33 14-01-2021	bluetooth	Cant scan device !	0
14:04:39 14-01-2021	LAN	Read camera document fail !	0
14:04:40 14-01-2021	LAN	Read camera document success !	1
14:04:46 14-01-2021	Wifi	Read camera document fail !	0
14:04:47 14-01-2021	Wifi	Read camera document success !	1
14:05:04 14-01-2021	bluetooth	Fail to connect to device !	0
14:05:10 14-01-2021	LAN	Read camera document fail !	0
14:05:11 14-01-2021	LAN	Read camera document success !	1
14:05:17 14-01-2021	Wifi	Read camera document fail !	0
14:05:18 14-01-2021	Wifi	Read camera document success !	1
14:05:36 14-01-2021	bluetooth	Authen success !	1
14:05:39 14-01-2021	bluetooth	Read camera document success !	1
14:05:45 14-01-2021	bluetooth	Read camera face fail !	0
14:05:52 14-01-2021	LAN	Read camera document fail !	0
14:05:52 14-01-2021	LAN	Read camera document success !	1
14:05:58 14-01-2021	Wifi	Read camera document fail !	0
14:05:58 14-01-2021	Wifi	Read camera document success !	1
14:06:17 14-01-2021	bluetooth	Authen success !	1
14:06:21 14-01-2021	bluetooth	Read camera document success !	1
14:06:27 14-01-2021	bluetooth	Read camera face fail !	0
14:06:33 14-01-2021	LAN	Read camera document fail !	0
14:06:33 14-01-2021	LAN	Read camera document success !	1
14:06:39 14-01-2021	Wifi	Read camera document fail !	0
14:06:39 14-01-2021	Wifi	Read camera document success !	1
14:06:55 14-01-2021	bluetooth	Authen success !	1
14:06:59 14-01-2021	bluetooth	Read camera document success !	1
14:07:05 14-01-2021	bluetooth	Read camera face fail !	0
14:07:11 14-01-2021	LAN	Read camera document fail !	0
14:07:12 14-01-2021	LAN	Read camera document success !	1
14:07:18 14-01-2021	Wifi	Read camera document fail !	0
14:07:18 14-01-2021	Wifi	Read camera document success !	1
14:07:24 14-01-2021	bluetooth	Authen success !	1
14:07:28 14-01-2021	bluetooth	Read camera document success !	1
14:07:34 14-01-2021	bluetooth	Read camera face fail !	0
17:09:16 14-01-2021	bluetooth	Authen success !	1
17:09:20 14-01-2021	bluetooth	Read camera document success !	1
17:09:26 14-01-2021	bluetooth	Read camera face fail !	0
17:09:33 14-01-2021	LAN	Read camera document fail !	0
17:09:33 14-01-2021	LAN	Read camera document success !	1
17:09:39 14-01-2021	Wifi	Read camera document fail !	0
17:09:40 14-01-2021	Wifi	Read camera document success !	1
17:09:51 14-01-2021	bluetooth	Fail to connect to device !	0
17:09:57 14-01-2021	LAN	Read camera document fail !	0
17:09:57 14-01-2021	LAN	Read camera document success !	1
17:10:03 14-01-2021	Wifi	Read camera document fail !	0
17:10:04 14-01-2021	Wifi	Read camera document success !	1
17:10:19 14-01-2021	bluetooth	Authen success !	1
17:10:24 14-01-2021	bluetooth	Read camera document success !	1
17:10:30 14-01-2021	bluetooth	Read camera face fail !	0
17:10:36 14-01-2021	LAN	Read camera document fail !	0
17:10:37 14-01-2021	LAN	Read camera document success !	1
17:10:43 14-01-2021	Wifi	Read camera document fail !	0
17:10:43 14-01-2021	Wifi	Read camera document success !	1
17:12:19 14-01-2021	bluetooth	Authen success !	1
17:12:24 14-01-2021	bluetooth	Read camera document success !	1
17:12:30 14-01-2021	bluetooth	Read camera face fail !	0
17:12:36 14-01-2021	LAN	Read camera document fail !	0
17:12:36 14-01-2021	LAN	Read camera document success !	1
17:12:43 14-01-2021	Wifi	Read camera document fail !	0
17:12:43 14-01-2021	Wifi	Read camera document success !	1
17:13:00 14-01-2021	bluetooth	Authen success !	1
17:13:03 14-01-2021	bluetooth	Read camera document success !	1
17:13:09 14-01-2021	bluetooth	Read camera face fail !	0
17:13:15 14-01-2021	LAN	Read camera document fail !	0
17:13:16 14-01-2021	LAN	Read camera document success !	1
17:13:22 14-01-2021	Wifi	Read camera document fail !	0
17:13:23 14-01-2021	Wifi	Read camera document success !	1
17:13:32 14-01-2021	bluetooth	Fail to connect to device !	0
17:13:38 14-01-2021	LAN	Read camera document fail !	0
17:13:39 14-01-2021	LAN	Read camera document success !	1
17:13:45 14-01-2021	Wifi	Read camera document fail !	0
17:13:45 14-01-2021	Wifi	Read camera document success !	1
17:14:09 14-01-2021	bluetooth	Fail to connect to device !	0
17:14:15 14-01-2021	LAN	Read camera document fail !	0
17:14:16 14-01-2021	LAN	Read camera document success !	1
17:14:22 14-01-2021	Wifi	Read camera document fail !	0
17:14:23 14-01-2021	Wifi	Read camera document success !	1
17:14:36 14-01-2021	bluetooth	Authen success !	1
17:14:41 14-01-2021	bluetooth	Read camera document success !	1
17:14:47 14-01-2021	bluetooth	Read camera face fail !	0
17:14:53 14-01-2021	LAN	Read camera document fail !	0
17:14:54 14-01-2021	LAN	Read camera document success !	1
17:15:00 14-01-2021	Wifi	Read camera document fail !	0
17:15:00 14-01-2021	Wifi	Read camera document success !	1
17:36:10 14-01-2021	bluetooth	Authen success !	1
17:36:17 14-01-2021	bluetooth	Read camera document success !	1
17:36:23 14-01-2021	bluetooth	Read camera face fail !	0
17:36:30 14-01-2021	LAN	Read camera document fail !	0
17:36:30 14-01-2021	LAN	Read camera document success !	1
17:36:36 14-01-2021	Wifi	Read camera document fail !	0
17:36:36 14-01-2021	Wifi	Read camera document success !	1
14:20:49 15-01-2021	bluetooth	Cant scan device !	0
