14:15:57 12-01-2021	bluetooth	Cant scan device !	0
14:16:08 12-01-2021	bluetooth	Cant scan device !	0
14:16:19 12-01-2021	bluetooth	Cant scan device !	0
14:16:30 12-01-2021	bluetooth	Cant scan device !	0
14:17:01 12-01-2021	bluetooth	Cant scan device !	0
14:17:12 12-01-2021	bluetooth	Cant scan device !	0
14:19:07 12-01-2021	bluetooth	Cant scan device !	0
14:19:07 12-01-2021	bluetooth	Cant scan device !	0
14:19:23 12-01-2021	bluetooth	Cant scan device !	0
14:19:23 12-01-2021	bluetooth	Cant scan device !	0
14:33:00 12-01-2021	bluetooth	Cant scan device !	0
14:33:11 12-01-2021	bluetooth	Cant scan device !	0
14:33:26 12-01-2021	bluetooth	Cant scan device !	0
14:33:42 12-01-2021	bluetooth	Cant scan device !	0
14:33:53 12-01-2021	bluetooth	Cant scan device !	0
14:34:08 12-01-2021	bluetooth	Cant scan device !	0
14:34:23 12-01-2021	bluetooth	Cant scan device !	0
14:34:40 12-01-2021	bluetooth	Cant scan device !	0
14:34:55 12-01-2021	bluetooth	Cant scan device !	0
14:35:07 12-01-2021	bluetooth	Cant scan device !	0
14:35:18 12-01-2021	bluetooth	Cant scan device !	0
14:35:29 12-01-2021	bluetooth	Cant scan device !	0
14:35:45 12-01-2021	bluetooth	Cant scan device !	0
14:35:56 12-01-2021	bluetooth	Cant scan device !	0
14:36:12 12-01-2021	bluetooth	Cant scan device !	0
14:36:30 12-01-2021	bluetooth	Cant scan device !	0
14:36:47 12-01-2021	bluetooth	Cant scan device !	0
14:36:58 12-01-2021	bluetooth	Cant scan device !	0
14:37:12 12-01-2021	bluetooth	Cant scan device !	0
14:37:12 12-01-2021	bluetooth	Cant scan device !	0
14:37:23 12-01-2021	bluetooth	Cant scan device !	0
14:37:34 12-01-2021	bluetooth	Cant scan device !	0
14:37:34 12-01-2021	bluetooth	Fail to connect to device !	0
14:37:44 12-01-2021	bluetooth	Cant scan device !	0
15:08:27 13-01-2021	bluetooth	Fail to connect to device !	0
15:08:54 13-01-2021	bluetooth	Fail to connect to device !	0
15:09:26 13-01-2021	bluetooth	Authen fail !	0
15:11:51 13-01-2021	bluetooth	Authen fail !	0
15:25:11 13-01-2021	bluetooth	Authen fail !	0
15:35:10 13-01-2021	bluetooth	Fail to connect to device !	0
15:35:46 13-01-2021	bluetooth	Authen fail !	0
17:03:09 13-01-2021	bluetooth	Authen fail !	0
17:06:21 13-01-2021	bluetooth	Authen fail !	0
17:08:19 13-01-2021	bluetooth	Authen fail !	0
17:10:46 13-01-2021	bluetooth	Cant scan device !	0
17:10:57 13-01-2021	bluetooth	Cant scan device !	0
17:11:11 13-01-2021	bluetooth	Cant scan device !	0
17:11:27 13-01-2021	bluetooth	Cant scan device !	0
17:12:23 13-01-2021	bluetooth	Cant scan device !	0
17:12:34 13-01-2021	bluetooth	Cant scan device !	0
17:12:45 13-01-2021	bluetooth	Cant scan device !	0
17:12:57 13-01-2021	bluetooth	Cant scan device !	0
17:13:08 13-01-2021	bluetooth	Cant scan device !	0
17:13:22 13-01-2021	bluetooth	Cant scan device !	0
17:13:33 13-01-2021	bluetooth	Cant scan device !	0
17:13:44 13-01-2021	bluetooth	Cant scan device !	0
17:13:56 13-01-2021	bluetooth	Cant scan device !	0
17:14:10 13-01-2021	bluetooth	Cant scan device !	0
17:14:21 13-01-2021	bluetooth	Cant scan device !	0
17:14:32 13-01-2021	bluetooth	Cant scan device !	0
17:14:44 13-01-2021	bluetooth	Cant scan device !	0
17:14:55 13-01-2021	bluetooth	Cant scan device !	0
17:15:06 13-01-2021	bluetooth	Cant scan device !	0
17:15:20 13-01-2021	bluetooth	Cant scan device !	0
17:15:32 13-01-2021	bluetooth	Cant scan device !	0
17:15:48 13-01-2021	bluetooth	Cant scan device !	0
17:16:00 13-01-2021	bluetooth	Cant scan device !	0
17:16:11 13-01-2021	bluetooth	Cant scan device !	0
17:16:22 13-01-2021	bluetooth	Cant scan device !	0
17:16:33 13-01-2021	bluetooth	Cant scan device !	0
17:16:45 13-01-2021	bluetooth	Cant scan device !	0
17:16:56 13-01-2021	bluetooth	Cant scan device !	0
17:17:12 13-01-2021	bluetooth	Cant scan device !	0
17:17:23 13-01-2021	bluetooth	Cant scan device !	0
17:17:38 13-01-2021	bluetooth	Cant scan device !	0
17:17:55 13-01-2021	bluetooth	Cant scan device !	0
17:18:06 13-01-2021	bluetooth	Cant scan device !	0
17:18:17 13-01-2021	bluetooth	Cant scan device !	0
17:18:30 13-01-2021	bluetooth	Cant scan device !	0
17:18:41 13-01-2021	bluetooth	Cant scan device !	0
17:18:53 13-01-2021	bluetooth	Cant scan device !	0
17:19:10 13-01-2021	bluetooth	Cant scan device !	0
17:19:21 13-01-2021	bluetooth	Cant scan device !	0
17:19:32 13-01-2021	bluetooth	Cant scan device !	0
17:19:44 13-01-2021	bluetooth	Cant scan device !	0
17:19:55 13-01-2021	bluetooth	Cant scan device !	0
17:20:06 13-01-2021	bluetooth	Cant scan device !	0
17:20:17 13-01-2021	bluetooth	Cant scan device !	0
17:20:32 13-01-2021	bluetooth	Cant scan device !	0
17:20:46 13-01-2021	bluetooth	Cant scan device !	0
17:20:58 13-01-2021	bluetooth	Cant scan device !	0
17:30:08 13-01-2021	bluetooth	Authen fail !	0
17:37:51 13-01-2021	bluetooth	Cant scan device !	0
17:38:02 13-01-2021	bluetooth	Cant scan device !	0
17:38:14 13-01-2021	bluetooth	Cant scan device !	0
17:38:29 13-01-2021	bluetooth	Cant scan device !	0
17:38:40 13-01-2021	bluetooth	Cant scan device !	0
17:38:54 13-01-2021	bluetooth	Cant scan device !	0
17:39:09 13-01-2021	bluetooth	Cant scan device !	0
17:39:20 13-01-2021	bluetooth	Cant scan device !	0
17:39:31 13-01-2021	bluetooth	Cant scan device !	0
17:39:42 13-01-2021	bluetooth	Cant scan device !	0
17:39:54 13-01-2021	bluetooth	Cant scan device !	0
17:40:05 13-01-2021	bluetooth	Cant scan device !	0
17:40:16 13-01-2021	bluetooth	Cant scan device !	0
17:40:27 13-01-2021	bluetooth	Cant scan device !	0
17:40:39 13-01-2021	bluetooth	Cant scan device !	0
17:40:56 13-01-2021	bluetooth	Cant scan device !	0
17:41:07 13-01-2021	bluetooth	Cant scan device !	0
17:41:19 13-01-2021	bluetooth	Cant scan device !	0
17:41:30 13-01-2021	bluetooth	Cant scan device !	0
17:41:41 13-01-2021	bluetooth	Cant scan device !	0
17:41:58 13-01-2021	bluetooth	Cant scan device !	0
17:42:10 13-01-2021	bluetooth	Cant scan device !	0
17:42:21 13-01-2021	bluetooth	Cant scan device !	0
17:42:32 13-01-2021	bluetooth	Cant scan device !	0
17:42:44 13-01-2021	bluetooth	Cant scan device !	0
17:43:00 13-01-2021	bluetooth	Cant scan device !	0
17:43:11 13-01-2021	bluetooth	Cant scan device !	0
17:43:23 13-01-2021	bluetooth	Cant scan device !	0
17:43:34 13-01-2021	bluetooth	Cant scan device !	0
17:43:45 13-01-2021	bluetooth	Cant scan device !	0
17:43:57 13-01-2021	bluetooth	Cant scan device !	0
17:44:13 13-01-2021	bluetooth	Cant scan device !	0
17:44:27 13-01-2021	bluetooth	Cant scan device !	0
17:44:39 13-01-2021	bluetooth	Cant scan device !	0
17:44:50 13-01-2021	bluetooth	Cant scan device !	0
17:45:01 13-01-2021	bluetooth	Cant scan device !	0
17:45:12 13-01-2021	bluetooth	Cant scan device !	0
17:45:24 13-01-2021	bluetooth	Cant scan device !	0
17:45:35 13-01-2021	bluetooth	Cant scan device !	0
17:45:46 13-01-2021	bluetooth	Cant scan device !	0
17:45:58 13-01-2021	bluetooth	Cant scan device !	0
17:46:09 13-01-2021	bluetooth	Cant scan device !	0
17:46:20 13-01-2021	bluetooth	Cant scan device !	0
17:46:31 13-01-2021	bluetooth	Cant scan device !	0
17:46:47 13-01-2021	bluetooth	Cant scan device !	0
17:46:58 13-01-2021	bluetooth	Cant scan device !	0
17:47:09 13-01-2021	bluetooth	Cant scan device !	0
17:47:21 13-01-2021	bluetooth	Cant scan device !	0
17:47:36 13-01-2021	bluetooth	Cant scan device !	0
17:47:47 13-01-2021	bluetooth	Cant scan device !	0
17:47:59 13-01-2021	bluetooth	Cant scan device !	0
17:48:10 13-01-2021	bluetooth	Cant scan device !	0
17:48:21 13-01-2021	bluetooth	Cant scan device !	0
17:48:32 13-01-2021	bluetooth	Cant scan device !	0
17:48:49 13-01-2021	bluetooth	Cant scan device !	0
17:49:00 13-01-2021	bluetooth	Cant scan device !	0
17:49:12 13-01-2021	bluetooth	Cant scan device !	0
17:49:23 13-01-2021	bluetooth	Cant scan device !	0
17:49:40 13-01-2021	bluetooth	Cant scan device !	0
17:49:51 13-01-2021	bluetooth	Cant scan device !	0
17:50:02 13-01-2021	bluetooth	Cant scan device !	0
17:50:19 13-01-2021	bluetooth	Cant scan device !	0
17:50:30 13-01-2021	bluetooth	Cant scan device !	0
17:50:48 13-01-2021	bluetooth	Cant scan device !	0
17:51:05 13-01-2021	bluetooth	Cant scan device !	0
17:51:16 13-01-2021	bluetooth	Cant scan device !	0
17:51:27 13-01-2021	bluetooth	Cant scan device !	0
17:51:39 13-01-2021	bluetooth	Cant scan device !	0
17:51:55 13-01-2021	bluetooth	Cant scan device !	0
17:52:07 13-01-2021	bluetooth	Cant scan device !	0
17:52:19 13-01-2021	bluetooth	Cant scan device !	0
17:52:30 13-01-2021	bluetooth	Cant scan device !	0
17:52:41 13-01-2021	bluetooth	Cant scan device !	0
17:52:53 13-01-2021	bluetooth	Cant scan device !	0
17:53:04 13-01-2021	bluetooth	Cant scan device !	0
17:53:15 13-01-2021	bluetooth	Cant scan device !	0
17:53:31 13-01-2021	bluetooth	Cant scan device !	0
17:53:42 13-01-2021	bluetooth	Cant scan device !	0
17:53:57 13-01-2021	bluetooth	Cant scan device !	0
08:51:40 14-01-2021	bluetooth	Cant scan device !	0
08:52:07 14-01-2021	bluetooth	Cant scan device !	0
08:52:40 14-01-2021	bluetooth	Authen fail !	0
08:54:05 14-01-2021	bluetooth	Cant scan device !	0
08:54:27 14-01-2021	bluetooth	Cant scan device !	0
08:54:54 14-01-2021	bluetooth	Cant scan device !	0
08:55:16 14-01-2021	bluetooth	Cant scan device !	0
08:56:19 14-01-2021	bluetooth	Cant scan device !	0
08:56:19 14-01-2021	LAN	Read camera document success !	1
08:56:20 14-01-2021	LAN	Read camera document success !	1
08:56:20 14-01-2021	Wifi	Device dont have Wifi ip !	0
08:56:20 14-01-2021	Wifi	Something wrong !	0
08:56:42 14-01-2021	bluetooth	Cant scan device !	0
08:56:42 14-01-2021	LAN	Read camera document success !	1
08:56:43 14-01-2021	LAN	Read camera document success !	1
08:56:43 14-01-2021	Wifi	Device dont have Wifi ip !	0
08:56:43 14-01-2021	Wifi	Something wrong !	0
08:57:06 14-01-2021	bluetooth	Cant scan device !	0
08:57:06 14-01-2021	LAN	Read camera document success !	1
08:57:06 14-01-2021	LAN	Read camera document success !	1
08:57:06 14-01-2021	Wifi	Device dont have Wifi ip !	0
08:57:06 14-01-2021	Wifi	Something wrong !	0
08:57:29 14-01-2021	bluetooth	Cant scan device !	0
08:57:29 14-01-2021	LAN	Read camera document success !	1
08:57:29 14-01-2021	LAN	Read camera document success !	1
08:57:29 14-01-2021	Wifi	Device dont have Wifi ip !	0
08:57:29 14-01-2021	Wifi	Something wrong !	0
08:57:52 14-01-2021	bluetooth	Cant scan device !	0
08:57:52 14-01-2021	LAN	Read camera document success !	1
08:57:53 14-01-2021	LAN	Read camera document success !	1
09:10:24 14-01-2021	bluetooth	Cant scan device !	0
09:10:25 14-01-2021	LAN	Read camera document success !	1
09:10:25 14-01-2021	LAN	Read camera document success !	1
09:10:25 14-01-2021	Wifi	Device dont have Wifi ip !	0
09:10:25 14-01-2021	Wifi	Something wrong !	0
09:10:47 14-01-2021	bluetooth	Cant scan device !	0
09:10:48 14-01-2021	LAN	Read camera document success !	1
09:10:49 14-01-2021	LAN	Read camera document success !	1
09:10:49 14-01-2021	Wifi	Device dont have Wifi ip !	0
09:10:49 14-01-2021	Wifi	Something wrong !	0
09:11:11 14-01-2021	bluetooth	Cant scan device !	0
09:11:12 14-01-2021	LAN	Read camera document success !	1
09:11:12 14-01-2021	LAN	Read camera document success !	1
09:11:12 14-01-2021	Wifi	Device dont have Wifi ip !	0
09:11:12 14-01-2021	Wifi	Something wrong !	0
09:11:34 14-01-2021	bluetooth	Cant scan device !	0
09:11:34 14-01-2021	LAN	Read camera document success !	1
09:11:35 14-01-2021	LAN	Read camera document success !	1
09:11:35 14-01-2021	Wifi	Device dont have Wifi ip !	0
09:11:35 14-01-2021	Wifi	Something wrong !	0
09:11:57 14-01-2021	bluetooth	Cant scan device !	0
09:11:57 14-01-2021	LAN	Read camera document success !	1
09:11:57 14-01-2021	LAN	Read camera document success !	1
09:11:57 14-01-2021	Wifi	Device dont have Wifi ip !	0
09:11:57 14-01-2021	Wifi	Something wrong !	0
09:12:22 14-01-2021	bluetooth	Cant scan device !	0
09:12:22 14-01-2021	LAN	Read camera document success !	1
09:12:23 14-01-2021	LAN	Read camera document success !	1
09:12:23 14-01-2021	Wifi	Device dont have Wifi ip !	0
09:12:23 14-01-2021	Wifi	Something wrong !	0
09:12:45 14-01-2021	bluetooth	Cant scan device !	0
09:12:45 14-01-2021	LAN	Read camera document success !	1
09:12:46 14-01-2021	LAN	Read camera document success !	1
09:12:46 14-01-2021	Wifi	Device dont have Wifi ip !	0
09:12:46 14-01-2021	Wifi	Something wrong !	0
09:13:08 14-01-2021	bluetooth	Cant scan device !	0
09:13:08 14-01-2021	LAN	Read camera document success !	1
09:13:09 14-01-2021	LAN	Read camera document success !	1
09:13:09 14-01-2021	Wifi	Device dont have Wifi ip !	0
09:13:09 14-01-2021	Wifi	Something wrong !	0
09:13:31 14-01-2021	bluetooth	Cant scan device !	0
09:13:31 14-01-2021	LAN	Read camera document success !	1
09:13:32 14-01-2021	LAN	Read camera document success !	1
09:13:32 14-01-2021	Wifi	Device dont have Wifi ip !	0
09:13:32 14-01-2021	Wifi	Something wrong !	0
09:13:54 14-01-2021	bluetooth	Cant scan device !	0
09:13:54 14-01-2021	LAN	Read camera document success !	1
09:13:55 14-01-2021	LAN	Read camera document success !	1
09:13:55 14-01-2021	Wifi	Device dont have Wifi ip !	0
09:13:55 14-01-2021	Wifi	Something wrong !	0
09:14:17 14-01-2021	bluetooth	Cant scan device !	0
09:14:18 14-01-2021	LAN	Read camera document success !	1
09:14:18 14-01-2021	LAN	Read camera document success !	1
09:14:18 14-01-2021	Wifi	Device dont have Wifi ip !	0
09:14:18 14-01-2021	Wifi	Something wrong !	0
09:14:41 14-01-2021	bluetooth	Cant scan device !	0
09:14:41 14-01-2021	LAN	Read camera document success !	1
09:14:41 14-01-2021	LAN	Read camera document success !	1
09:14:41 14-01-2021	Wifi	Device dont have Wifi ip !	0
09:14:41 14-01-2021	Wifi	Something wrong !	0
09:15:03 14-01-2021	bluetooth	Cant scan device !	0
09:15:04 14-01-2021	LAN	Read camera document success !	1
09:15:04 14-01-2021	LAN	Read camera document success !	1
09:15:04 14-01-2021	Wifi	Device dont have Wifi ip !	0
09:15:04 14-01-2021	Wifi	Something wrong !	0
09:15:29 14-01-2021	bluetooth	Cant scan device !	0
09:15:30 14-01-2021	LAN	Read camera document success !	1
09:15:31 14-01-2021	LAN	Read camera document success !	1
09:15:31 14-01-2021	Wifi	Device dont have Wifi ip !	0
09:15:31 14-01-2021	Wifi	Something wrong !	0
09:15:53 14-01-2021	bluetooth	Cant scan device !	0
09:15:53 14-01-2021	LAN	Read camera document success !	1
09:15:54 14-01-2021	LAN	Read camera document success !	1
09:15:54 14-01-2021	Wifi	Device dont have Wifi ip !	0
09:15:54 14-01-2021	Wifi	Something wrong !	0
09:16:28 14-01-2021	bluetooth	Authen fail !	0
09:51:28 14-01-2021	bluetooth	Cant scan device !	0
09:51:29 14-01-2021	LAN	Read camera document success !	1
09:51:30 14-01-2021	LAN	Read camera document success !	1
09:51:30 14-01-2021	Wifi	Device dont have Wifi ip !	0
09:51:30 14-01-2021	Wifi	Something wrong !	0
09:51:52 14-01-2021	bluetooth	Cant scan device !	0
09:51:54 14-01-2021	LAN	Read camera document success !	1
09:51:56 14-01-2021	LAN	Read camera document success !	1
09:51:56 14-01-2021	Wifi	Device dont have Wifi ip !	0
09:51:56 14-01-2021	Wifi	Something wrong !	0
09:52:22 14-01-2021	bluetooth	Cant scan device !	0
09:52:22 14-01-2021	LAN	Read camera document success !	1
09:52:23 14-01-2021	LAN	Read camera document success !	1
09:52:23 14-01-2021	Wifi	Device dont have Wifi ip !	0
09:52:23 14-01-2021	Wifi	Something wrong !	0
09:52:46 14-01-2021	bluetooth	Cant scan device !	0
09:52:47 14-01-2021	LAN	Read camera document success !	1
09:52:47 14-01-2021	LAN	Read camera document success !	1
09:52:47 14-01-2021	Wifi	Device dont have Wifi ip !	0
09:52:47 14-01-2021	Wifi	Something wrong !	0
09:53:09 14-01-2021	bluetooth	Cant scan device !	0
09:53:11 14-01-2021	LAN	Read camera document success !	1
09:53:13 14-01-2021	LAN	Read camera document success !	1
09:53:13 14-01-2021	Wifi	Device dont have Wifi ip !	0
09:53:13 14-01-2021	Wifi	Something wrong !	0
09:53:40 14-01-2021	bluetooth	Cant scan device !	0
09:53:41 14-01-2021	LAN	Read camera document success !	1
09:53:42 14-01-2021	LAN	Read camera document success !	1
09:53:42 14-01-2021	Wifi	Device dont have Wifi ip !	0
09:53:42 14-01-2021	Wifi	Something wrong !	0
09:54:04 14-01-2021	bluetooth	Cant scan device !	0
09:54:04 14-01-2021	LAN	Read camera document success !	1
09:54:04 14-01-2021	LAN	Read camera document success !	1
09:54:04 14-01-2021	Wifi	Device dont have Wifi ip !	0
09:54:04 14-01-2021	Wifi	Something wrong !	0
09:54:26 14-01-2021	bluetooth	Cant scan device !	0
09:54:26 14-01-2021	LAN	Read camera document success !	1
09:54:27 14-01-2021	LAN	Read camera document success !	1
09:54:27 14-01-2021	Wifi	Device dont have Wifi ip !	0
09:54:27 14-01-2021	Wifi	Something wrong !	0
09:54:49 14-01-2021	bluetooth	Cant scan device !	0
09:54:49 14-01-2021	LAN	Read camera document success !	1
09:54:49 14-01-2021	LAN	Read camera document success !	1
09:54:49 14-01-2021	Wifi	Device dont have Wifi ip !	0
09:54:49 14-01-2021	Wifi	Something wrong !	0
09:55:12 14-01-2021	bluetooth	Cant scan device !	0
09:55:12 14-01-2021	LAN	Read camera document success !	1
09:55:12 14-01-2021	LAN	Read camera document success !	1
09:55:12 14-01-2021	Wifi	Device dont have Wifi ip !	0
09:55:12 14-01-2021	Wifi	Something wrong !	0
09:55:40 14-01-2021	bluetooth	Cant scan device !	0
09:55:40 14-01-2021	LAN	Read camera document success !	1
09:55:40 14-01-2021	LAN	Read camera document success !	1
09:55:40 14-01-2021	Wifi	Device dont have Wifi ip !	0
09:55:40 14-01-2021	Wifi	Something wrong !	0
09:56:02 14-01-2021	bluetooth	Cant scan device !	0
09:56:04 14-01-2021	LAN	Read camera document success !	1
09:56:06 14-01-2021	LAN	Read camera document success !	1
09:56:06 14-01-2021	Wifi	Device dont have Wifi ip !	0
09:56:06 14-01-2021	Wifi	Something wrong !	0
09:56:31 14-01-2021	bluetooth	Cant scan device !	0
09:56:35 14-01-2021	LAN	Read camera document success !	1
09:56:35 14-01-2021	LAN	Read camera document success !	1
09:56:35 14-01-2021	Wifi	Device dont have Wifi ip !	0
09:56:35 14-01-2021	Wifi	Something wrong !	0
10:03:15 14-01-2021	bluetooth	Authen fail !	0
10:54:26 14-01-2021	bluetooth	Cant scan device !	0
10:54:27 14-01-2021	LAN	Something wrong !	0
10:54:27 14-01-2021	Wifi	Device dont have Wifi ip !	0
10:54:27 14-01-2021	Wifi	Something wrong !	0
10:54:38 14-01-2021	bluetooth	Cant scan device !	0
10:54:39 14-01-2021	LAN	Read camera document success !	1
10:54:39 14-01-2021	LAN	Read camera document success !	1
10:54:39 14-01-2021	Wifi	Device dont have Wifi ip !	0
10:54:39 14-01-2021	Wifi	Something wrong !	0
10:54:50 14-01-2021	bluetooth	Cant scan device !	0
10:54:53 14-01-2021	LAN	Read camera document success !	1
10:54:54 14-01-2021	LAN	Read camera document success !	1
10:54:54 14-01-2021	Wifi	Device dont have Wifi ip !	0
10:54:54 14-01-2021	Wifi	Something wrong !	0
10:55:05 14-01-2021	bluetooth	Cant scan device !	0
10:55:09 14-01-2021	LAN	Read camera document success !	1
10:55:09 14-01-2021	LAN	Read camera document success !	1
10:55:09 14-01-2021	Wifi	Device dont have Wifi ip !	0
10:55:09 14-01-2021	Wifi	Something wrong !	0
10:55:21 14-01-2021	bluetooth	Cant scan device !	0
10:55:21 14-01-2021	LAN	Read camera document success !	1
10:55:22 14-01-2021	LAN	Read camera document success !	1
10:55:22 14-01-2021	Wifi	Device dont have Wifi ip !	0
10:55:22 14-01-2021	Wifi	Something wrong !	0
10:55:33 14-01-2021	bluetooth	Cant scan device !	0
10:55:33 14-01-2021	LAN	Read camera document success !	1
10:55:37 14-01-2021	LAN	Read camera document success !	1
10:55:37 14-01-2021	Wifi	Device dont have Wifi ip !	0
10:55:37 14-01-2021	Wifi	Something wrong !	0
10:55:48 14-01-2021	bluetooth	Cant scan device !	0
10:55:49 14-01-2021	LAN	Read camera document success !	1
10:55:53 14-01-2021	LAN	Read camera document success !	1
10:55:53 14-01-2021	Wifi	Device dont have Wifi ip !	0
10:55:53 14-01-2021	Wifi	Something wrong !	0
10:56:04 14-01-2021	bluetooth	Cant scan device !	0
10:56:06 14-01-2021	LAN	Read camera document success !	1
10:56:07 14-01-2021	LAN	Read camera document success !	1
10:56:07 14-01-2021	Wifi	Device dont have Wifi ip !	0
10:56:07 14-01-2021	Wifi	Something wrong !	0
10:56:18 14-01-2021	bluetooth	Cant scan device !	0
10:56:20 14-01-2021	LAN	Read camera document success !	1
10:56:20 14-01-2021	LAN	Read camera document success !	1
10:56:20 14-01-2021	Wifi	Device dont have Wifi ip !	0
10:56:20 14-01-2021	Wifi	Something wrong !	0
10:56:32 14-01-2021	bluetooth	Cant scan device !	0
10:56:32 14-01-2021	LAN	Read camera document success !	1
10:56:33 14-01-2021	LAN	Read camera document success !	1
10:56:33 14-01-2021	Wifi	Device dont have Wifi ip !	0
10:56:33 14-01-2021	Wifi	Something wrong !	0
10:56:44 14-01-2021	bluetooth	Cant scan device !	0
10:56:45 14-01-2021	LAN	Read camera document success !	1
10:56:47 14-01-2021	LAN	Read camera document success !	1
10:56:47 14-01-2021	Wifi	Device dont have Wifi ip !	0
10:56:47 14-01-2021	Wifi	Something wrong !	0
10:56:58 14-01-2021	bluetooth	Cant scan device !	0
10:56:59 14-01-2021	LAN	Read camera document success !	1
10:57:00 14-01-2021	LAN	Read camera document success !	1
10:57:00 14-01-2021	Wifi	Device dont have Wifi ip !	0
10:57:00 14-01-2021	Wifi	Something wrong !	0
10:57:11 14-01-2021	bluetooth	Cant scan device !	0
10:57:12 14-01-2021	LAN	Read camera document success !	1
10:57:13 14-01-2021	LAN	Read camera document success !	1
10:57:13 14-01-2021	Wifi	Device dont have Wifi ip !	0
10:57:13 14-01-2021	Wifi	Something wrong !	0
10:57:25 14-01-2021	bluetooth	Cant scan device !	0
10:57:25 14-01-2021	LAN	Read camera document success !	1
10:57:28 14-01-2021	LAN	Read camera document success !	1
10:57:28 14-01-2021	Wifi	Device dont have Wifi ip !	0
10:57:28 14-01-2021	Wifi	Something wrong !	0
10:57:39 14-01-2021	bluetooth	Cant scan device !	0
10:57:40 14-01-2021	LAN	Read camera document success !	1
10:57:41 14-01-2021	LAN	Read camera document success !	1
10:57:41 14-01-2021	Wifi	Device dont have Wifi ip !	0
10:57:41 14-01-2021	Wifi	Something wrong !	0
10:57:52 14-01-2021	bluetooth	Cant scan device !	0
10:57:53 14-01-2021	LAN	Read camera document success !	1
10:57:54 14-01-2021	LAN	Read camera document success !	1
10:57:54 14-01-2021	Wifi	Device dont have Wifi ip !	0
10:57:54 14-01-2021	Wifi	Something wrong !	0
10:58:05 14-01-2021	bluetooth	Cant scan device !	0
10:58:06 14-01-2021	LAN	Read camera document success !	1
10:58:07 14-01-2021	LAN	Read camera document success !	1
10:58:07 14-01-2021	Wifi	Device dont have Wifi ip !	0
10:58:07 14-01-2021	Wifi	Something wrong !	0
10:58:18 14-01-2021	bluetooth	Cant scan device !	0
10:58:25 14-01-2021	LAN	Read camera document success !	1
10:58:26 14-01-2021	LAN	Read camera document success !	1
10:58:26 14-01-2021	Wifi	Device dont have Wifi ip !	0
10:58:26 14-01-2021	Wifi	Something wrong !	0
13:59:20 14-01-2021	bluetooth	Cant scan device !	0
13:59:20 14-01-2021	LAN	Read camera document success !	1
13:59:20 14-01-2021	LAN	Read camera document success !	1
13:59:20 14-01-2021	Wifi	Device dont have Wifi ip !	0
13:59:20 14-01-2021	Wifi	Something wrong !	0
13:59:37 14-01-2021	bluetooth	Cant scan device !	0
13:59:37 14-01-2021	LAN	Read camera document success !	1
13:59:38 14-01-2021	LAN	Read camera document success !	1
13:59:38 14-01-2021	Wifi	Device dont have Wifi ip !	0
13:59:38 14-01-2021	Wifi	Something wrong !	0
13:59:53 14-01-2021	bluetooth	Cant scan device !	0
13:59:53 14-01-2021	LAN	Read camera document success !	1
13:59:54 14-01-2021	LAN	Read camera document success !	1
13:59:54 14-01-2021	Wifi	Device dont have Wifi ip !	0
13:59:54 14-01-2021	Wifi	Something wrong !	0
14:00:06 14-01-2021	bluetooth	Cant scan device !	0
14:00:06 14-01-2021	LAN	Read camera document success !	1
14:00:07 14-01-2021	LAN	Read camera document success !	1
14:00:07 14-01-2021	Wifi	Device dont have Wifi ip !	0
14:00:07 14-01-2021	Wifi	Something wrong !	0
14:00:19 14-01-2021	bluetooth	Cant scan device !	0
14:00:19 14-01-2021	LAN	Read camera document success !	1
14:00:19 14-01-2021	LAN	Read camera document success !	1
14:00:19 14-01-2021	Wifi	Device dont have Wifi ip !	0
14:00:19 14-01-2021	Wifi	Something wrong !	0
14:00:32 14-01-2021	bluetooth	Cant scan device !	0
14:00:32 14-01-2021	LAN	Read camera document success !	1
14:00:32 14-01-2021	LAN	Read camera document success !	1
14:00:32 14-01-2021	Wifi	Device dont have Wifi ip !	0
14:00:32 14-01-2021	Wifi	Something wrong !	0
14:00:45 14-01-2021	bluetooth	Cant scan device !	0
14:00:45 14-01-2021	LAN	Read camera document success !	1
14:00:45 14-01-2021	LAN	Read camera document success !	1
14:00:45 14-01-2021	Wifi	Device dont have Wifi ip !	0
14:00:45 14-01-2021	Wifi	Something wrong !	0
14:00:59 14-01-2021	bluetooth	Cant scan device !	0
14:01:00 14-01-2021	LAN	Read camera document success !	1
14:01:00 14-01-2021	LAN	Read camera document success !	1
14:01:00 14-01-2021	Wifi	Device dont have Wifi ip !	0
14:01:00 14-01-2021	Wifi	Something wrong !	0
14:01:10 14-01-2021	bluetooth	Cant scan device !	0
14:01:10 14-01-2021	LAN	Read camera document success !	1
14:01:10 14-01-2021	LAN	Read camera document success !	1
14:01:10 14-01-2021	Wifi	Device dont have Wifi ip !	0
14:01:10 14-01-2021	Wifi	Something wrong !	0
14:01:24 14-01-2021	bluetooth	Cant scan device !	0
14:01:24 14-01-2021	LAN	Read camera document success !	1
14:01:24 14-01-2021	LAN	Read camera document success !	1
14:01:24 14-01-2021	Wifi	Device dont have Wifi ip !	0
14:01:24 14-01-2021	Wifi	Something wrong !	0
14:01:37 14-01-2021	bluetooth	Cant scan device !	0
14:01:37 14-01-2021	LAN	Read camera document success !	1
14:01:43 14-01-2021	LAN	Read camera document fail !	0
14:01:43 14-01-2021	Wifi	Device dont have Wifi ip !	0
14:01:43 14-01-2021	Wifi	Something wrong !	0
14:01:54 14-01-2021	bluetooth	Cant scan device !	0
14:01:54 14-01-2021	LAN	Read camera document success !	1
14:01:55 14-01-2021	LAN	Read camera document success !	1
14:01:55 14-01-2021	Wifi	Device dont have Wifi ip !	0
14:01:55 14-01-2021	Wifi	Something wrong !	0
14:02:07 14-01-2021	bluetooth	Cant scan device !	0
14:02:07 14-01-2021	LAN	Read camera document success !	1
14:02:08 14-01-2021	LAN	Read camera document success !	1
14:02:08 14-01-2021	Wifi	Device dont have Wifi ip !	0
14:02:08 14-01-2021	Wifi	Something wrong !	0
14:02:20 14-01-2021	bluetooth	Cant scan device !	0
14:02:20 14-01-2021	LAN	Read camera document success !	1
14:02:21 14-01-2021	LAN	Read camera document success !	1
14:02:21 14-01-2021	Wifi	Device dont have Wifi ip !	0
14:02:21 14-01-2021	Wifi	Something wrong !	0
14:02:33 14-01-2021	bluetooth	Cant scan device !	0
14:02:33 14-01-2021	LAN	Read camera document success !	1
14:02:33 14-01-2021	LAN	Read camera document success !	1
14:02:33 14-01-2021	Wifi	Device dont have Wifi ip !	0
14:02:33 14-01-2021	Wifi	Something wrong !	0
14:02:47 14-01-2021	bluetooth	Cant scan device !	0
14:02:47 14-01-2021	LAN	Read camera document success !	1
14:02:47 14-01-2021	LAN	Read camera document success !	1
14:02:47 14-01-2021	Wifi	Device dont have Wifi ip !	0
14:02:47 14-01-2021	Wifi	Something wrong !	0
14:02:58 14-01-2021	bluetooth	Cant scan device !	0
14:02:58 14-01-2021	LAN	Read camera document success !	1
14:02:59 14-01-2021	LAN	Read camera document success !	1
14:02:59 14-01-2021	Wifi	Device dont have Wifi ip !	0
14:02:59 14-01-2021	Wifi	Something wrong !	0
14:03:11 14-01-2021	bluetooth	Cant scan device !	0
14:03:11 14-01-2021	LAN	Read camera document success !	1
14:03:12 14-01-2021	LAN	Read camera document success !	1
14:03:12 14-01-2021	Wifi	Device dont have Wifi ip !	0
14:03:12 14-01-2021	Wifi	Something wrong !	0
14:03:24 14-01-2021	bluetooth	Cant scan device !	0
14:03:24 14-01-2021	LAN	Read camera document success !	1
14:03:25 14-01-2021	LAN	Read camera document success !	1
14:03:25 14-01-2021	Wifi	Device dont have Wifi ip !	0
14:03:25 14-01-2021	Wifi	Something wrong !	0
14:03:40 14-01-2021	bluetooth	Cant scan device !	0
14:03:40 14-01-2021	LAN	Read camera document success !	1
14:03:40 14-01-2021	LAN	Read camera document success !	1
14:03:40 14-01-2021	Wifi	Device dont have Wifi ip !	0
14:03:40 14-01-2021	Wifi	Something wrong !	0
14:03:52 14-01-2021	bluetooth	Cant scan device !	0
14:03:52 14-01-2021	LAN	Read camera document success !	1
14:03:53 14-01-2021	LAN	Read camera document success !	1
14:03:53 14-01-2021	Wifi	Device dont have Wifi ip !	0
14:03:53 14-01-2021	Wifi	Something wrong !	0
14:04:05 14-01-2021	bluetooth	Cant scan device !	0
14:04:05 14-01-2021	LAN	Read camera document success !	1
14:04:06 14-01-2021	LAN	Read camera document success !	1
14:04:06 14-01-2021	Wifi	Device dont have Wifi ip !	0
14:04:06 14-01-2021	Wifi	Something wrong !	0
14:04:20 14-01-2021	bluetooth	Cant scan device !	0
14:04:21 14-01-2021	LAN	Read camera document success !	1
14:04:21 14-01-2021	LAN	Read camera document success !	1
14:04:21 14-01-2021	Wifi	Device dont have Wifi ip !	0
14:04:21 14-01-2021	Wifi	Something wrong !	0
14:04:33 14-01-2021	bluetooth	Cant scan device !	0
14:04:33 14-01-2021	LAN	Read camera document success !	1
14:04:34 14-01-2021	LAN	Read camera document success !	1
14:04:34 14-01-2021	Wifi	Device dont have Wifi ip !	0
14:04:34 14-01-2021	Wifi	Something wrong !	0
14:04:46 14-01-2021	bluetooth	Cant scan device !	0
14:04:46 14-01-2021	LAN	Read camera document success !	1
14:04:47 14-01-2021	LAN	Read camera document success !	1
14:04:47 14-01-2021	Wifi	Device dont have Wifi ip !	0
14:04:47 14-01-2021	Wifi	Something wrong !	0
14:04:59 14-01-2021	bluetooth	Cant scan device !	0
14:04:59 14-01-2021	LAN	Read camera document success !	1
14:05:00 14-01-2021	LAN	Read camera document success !	1
14:05:00 14-01-2021	Wifi	Device dont have Wifi ip !	0
14:05:00 14-01-2021	Wifi	Something wrong !	0
14:05:17 14-01-2021	bluetooth	Cant scan device !	0
14:05:17 14-01-2021	LAN	Read camera document success !	1
14:05:18 14-01-2021	LAN	Read camera document success !	1
14:05:18 14-01-2021	Wifi	Device dont have Wifi ip !	0
14:05:18 14-01-2021	Wifi	Something wrong !	0
14:05:30 14-01-2021	bluetooth	Cant scan device !	0
14:05:30 14-01-2021	LAN	Read camera document success !	1
14:05:30 14-01-2021	LAN	Read camera document success !	1
14:05:30 14-01-2021	Wifi	Device dont have Wifi ip !	0
14:05:30 14-01-2021	Wifi	Something wrong !	0
14:05:48 14-01-2021	bluetooth	Cant scan device !	0
14:05:48 14-01-2021	LAN	Read camera document success !	1
14:05:48 14-01-2021	LAN	Read camera document success !	1
14:05:48 14-01-2021	Wifi	Device dont have Wifi ip !	0
14:05:48 14-01-2021	Wifi	Something wrong !	0
14:06:00 14-01-2021	bluetooth	Cant scan device !	0
14:06:00 14-01-2021	LAN	Read camera document success !	1
14:06:01 14-01-2021	LAN	Read camera document success !	1
14:06:01 14-01-2021	Wifi	Device dont have Wifi ip !	0
14:06:01 14-01-2021	Wifi	Something wrong !	0
14:06:12 14-01-2021	bluetooth	Cant scan device !	0
14:06:12 14-01-2021	LAN	Read camera document success !	1
14:06:12 14-01-2021	LAN	Read camera document success !	1
14:06:13 14-01-2021	Wifi	Device dont have Wifi ip !	0
14:06:13 14-01-2021	Wifi	Something wrong !	0
14:06:26 14-01-2021	bluetooth	Cant scan device !	0
14:06:26 14-01-2021	LAN	Read camera document success !	1
14:06:26 14-01-2021	LAN	Read camera document success !	1
14:06:26 14-01-2021	Wifi	Device dont have Wifi ip !	0
14:06:26 14-01-2021	Wifi	Something wrong !	0
14:06:38 14-01-2021	bluetooth	Cant scan device !	0
14:06:39 14-01-2021	LAN	Read camera document success !	1
14:06:39 14-01-2021	LAN	Read camera document success !	1
14:06:39 14-01-2021	Wifi	Device dont have Wifi ip !	0
14:06:39 14-01-2021	Wifi	Something wrong !	0
14:06:51 14-01-2021	bluetooth	Cant scan device !	0
14:06:51 14-01-2021	LAN	Read camera document success !	1
14:06:52 14-01-2021	LAN	Read camera document success !	1
14:06:52 14-01-2021	Wifi	Device dont have Wifi ip !	0
14:06:52 14-01-2021	Wifi	Something wrong !	0
14:07:08 14-01-2021	bluetooth	Cant scan device !	0
14:07:09 14-01-2021	LAN	Read camera document success !	1
14:07:09 14-01-2021	LAN	Read camera document success !	1
14:07:09 14-01-2021	Wifi	Device dont have Wifi ip !	0
14:07:09 14-01-2021	Wifi	Something wrong !	0
14:07:22 14-01-2021	bluetooth	Cant scan device !	0
14:07:22 14-01-2021	LAN	Read camera document success !	1
14:07:22 14-01-2021	LAN	Read camera document success !	1
14:07:22 14-01-2021	Wifi	Device dont have Wifi ip !	0
14:07:22 14-01-2021	Wifi	Something wrong !	0
14:07:35 14-01-2021	bluetooth	Cant scan device !	0
14:07:35 14-01-2021	LAN	Read camera document success !	1
14:29:30 14-01-2021	bluetooth	Cant scan device !	0
14:29:30 14-01-2021	LAN	Read camera document success !	1
14:29:31 14-01-2021	LAN	Read camera document success !	1
14:29:31 14-01-2021	Wifi	Device dont have Wifi ip !	0
14:29:31 14-01-2021	Wifi	Something wrong !	0
14:29:50 14-01-2021	bluetooth	Cant scan device !	0
14:29:51 14-01-2021	LAN	Read camera document success !	1
14:29:51 14-01-2021	LAN	Read camera document success !	1
14:29:51 14-01-2021	Wifi	Device dont have Wifi ip !	0
14:29:51 14-01-2021	Wifi	Something wrong !	0
14:30:05 14-01-2021	bluetooth	Cant scan device !	0
14:30:06 14-01-2021	LAN	Read camera document success !	1
14:30:06 14-01-2021	LAN	Read camera document success !	1
14:30:06 14-01-2021	Wifi	Device dont have Wifi ip !	0
14:30:06 14-01-2021	Wifi	Something wrong !	0
14:30:23 14-01-2021	bluetooth	Cant scan device !	0
14:30:23 14-01-2021	LAN	Read camera document success !	1
14:30:24 14-01-2021	LAN	Read camera document success !	1
14:30:24 14-01-2021	Wifi	Device dont have Wifi ip !	0
14:30:24 14-01-2021	Wifi	Something wrong !	0
14:31:33 14-01-2021	bluetooth	Cant scan device !	0
14:31:33 14-01-2021	LAN	Read camera document success !	1
14:31:36 14-01-2021	LAN	Read camera document success !	1
14:31:36 14-01-2021	Wifi	Device dont have Wifi ip !	0
14:31:36 14-01-2021	Wifi	Something wrong !	0
14:31:38 14-01-2021	bluetooth	Cant scan device !	0
14:31:38 14-01-2021	LAN	Read camera document success !	1
14:31:39 14-01-2021	LAN	Read camera document success !	1
14:31:39 14-01-2021	Wifi	Device dont have Wifi ip !	0
14:31:39 14-01-2021	Wifi	Something wrong !	0
14:31:41 14-01-2021	bluetooth	Cant scan device !	0
14:31:41 14-01-2021	LAN	Read camera document success !	1
14:31:41 14-01-2021	LAN	Read camera document success !	1
14:31:41 14-01-2021	Wifi	Device dont have Wifi ip !	0
14:31:41 14-01-2021	Wifi	Something wrong !	0
14:31:43 14-01-2021	bluetooth	Cant scan device !	0
14:31:44 14-01-2021	LAN	Read camera document success !	1
14:31:44 14-01-2021	LAN	Read camera document success !	1
14:31:44 14-01-2021	Wifi	Device dont have Wifi ip !	0
14:31:44 14-01-2021	Wifi	Something wrong !	0
14:31:46 14-01-2021	bluetooth	Cant scan device !	0
14:31:47 14-01-2021	LAN	Read camera document success !	1
14:31:52 14-01-2021	LAN	Read camera document success !	1
14:31:52 14-01-2021	Wifi	Device dont have Wifi ip !	0
14:31:52 14-01-2021	Wifi	Something wrong !	0
14:31:54 14-01-2021	bluetooth	Cant scan device !	0
14:31:56 14-01-2021	LAN	Read camera document success !	1
16:29:20 14-01-2021	bluetooth	Cant scan device !	0
16:29:20 14-01-2021	LAN	Read camera document success !	1
16:29:20 14-01-2021	LAN	Read camera document success !	1
16:29:20 14-01-2021	Wifi	Device dont have Wifi ip !	0
16:29:20 14-01-2021	Wifi	Something wrong !	0
16:31:53 14-01-2021	bluetooth	Cant scan device !	0
16:31:54 14-01-2021	LAN	Read camera document success !	1
16:31:57 14-01-2021	LAN	Read camera document success !	1
16:31:57 14-01-2021	Wifi	Device dont have Wifi ip !	0
16:31:57 14-01-2021	Wifi	Something wrong !	0
16:32:09 14-01-2021	bluetooth	Cant scan device !	0
16:32:21 14-01-2021	LAN	Read camera document success !	1
16:32:23 14-01-2021	LAN	Read camera document success !	1
16:32:23 14-01-2021	Wifi	Device dont have Wifi ip !	0
16:32:23 14-01-2021	Wifi	Something wrong !	0
16:32:29 14-01-2021	bluetooth	Cant scan device !	0
16:32:30 14-01-2021	LAN	Read camera document success !	1
16:32:30 14-01-2021	LAN	Read camera document success !	1
16:32:30 14-01-2021	Wifi	Device dont have Wifi ip !	0
16:32:30 14-01-2021	Wifi	Something wrong !	0
16:32:42 14-01-2021	bluetooth	Cant scan device !	0
16:32:45 14-01-2021	LAN	Read camera document success !	1
16:32:45 14-01-2021	LAN	Read camera document success !	1
16:32:45 14-01-2021	Wifi	Device dont have Wifi ip !	0
16:32:45 14-01-2021	Wifi	Something wrong !	0
16:32:57 14-01-2021	bluetooth	Cant scan device !	0
16:33:06 14-01-2021	LAN	Read camera document success !	1
16:33:07 14-01-2021	LAN	Read camera document success !	1
16:33:07 14-01-2021	Wifi	Device dont have Wifi ip !	0
16:33:07 14-01-2021	Wifi	Something wrong !	0
16:33:19 14-01-2021	bluetooth	Cant scan device !	0
16:33:19 14-01-2021	LAN	Read camera document success !	1
16:33:21 14-01-2021	LAN	Read camera document success !	1
16:33:21 14-01-2021	Wifi	Device dont have Wifi ip !	0
16:33:21 14-01-2021	Wifi	Something wrong !	0
16:33:36 14-01-2021	bluetooth	Cant scan device !	0
16:33:40 14-01-2021	LAN	Read camera document success !	1
16:33:42 14-01-2021	LAN	Read camera document success !	1
16:33:42 14-01-2021	Wifi	Device dont have Wifi ip !	0
16:33:42 14-01-2021	Wifi	Something wrong !	0
16:33:54 14-01-2021	bluetooth	Cant scan device !	0
16:33:55 14-01-2021	LAN	Read camera document success !	1
16:33:56 14-01-2021	LAN	Read camera document success !	1
16:33:56 14-01-2021	Wifi	Device dont have Wifi ip !	0
16:33:57 14-01-2021	Wifi	Something wrong !	0
16:34:40 14-01-2021	bluetooth	Cant scan device !	0
16:34:42 14-01-2021	LAN	Read camera document success !	1
16:34:43 14-01-2021	LAN	Read camera document success !	1
16:34:43 14-01-2021	Wifi	Device dont have Wifi ip !	0
16:34:43 14-01-2021	Wifi	Something wrong !	0
16:34:55 14-01-2021	bluetooth	Cant scan device !	0
16:34:58 14-01-2021	LAN	Read camera document success !	1
16:35:00 14-01-2021	LAN	Read camera document success !	1
16:35:00 14-01-2021	Wifi	Device dont have Wifi ip !	0
16:35:00 14-01-2021	Wifi	Something wrong !	0
16:35:12 14-01-2021	bluetooth	Cant scan device !	0
16:35:15 14-01-2021	LAN	Read camera document success !	1
16:35:16 14-01-2021	LAN	Read camera document success !	1
16:35:16 14-01-2021	Wifi	Device dont have Wifi ip !	0
16:35:16 14-01-2021	Wifi	Something wrong !	0
16:35:28 14-01-2021	bluetooth	Cant scan device !	0
16:35:31 14-01-2021	LAN	Read camera document success !	1
16:35:33 14-01-2021	LAN	Read camera document success !	1
16:35:33 14-01-2021	Wifi	Device dont have Wifi ip !	0
16:35:33 14-01-2021	Wifi	Something wrong !	0
16:35:44 14-01-2021	bluetooth	Cant scan device !	0
16:35:46 14-01-2021	LAN	Read camera document success !	1
16:35:46 14-01-2021	LAN	Read camera document success !	1
16:35:46 14-01-2021	Wifi	Device dont have Wifi ip !	0
16:35:46 14-01-2021	Wifi	Something wrong !	0
16:35:59 14-01-2021	bluetooth	Cant scan device !	0
16:36:00 14-01-2021	LAN	Read camera document success !	1
16:36:01 14-01-2021	LAN	Read camera document success !	1
16:36:01 14-01-2021	Wifi	Device dont have Wifi ip !	0
16:36:01 14-01-2021	Wifi	Something wrong !	0
16:36:13 14-01-2021	bluetooth	Cant scan device !	0
16:36:22 14-01-2021	LAN	Read camera document success !	1
16:36:25 14-01-2021	LAN	Read camera document success !	1
16:36:25 14-01-2021	Wifi	Device dont have Wifi ip !	0
16:36:25 14-01-2021	Wifi	Something wrong !	0
16:36:37 14-01-2021	bluetooth	Cant scan device !	0
16:36:38 14-01-2021	LAN	Read camera document success !	1
16:36:38 14-01-2021	LAN	Read camera document success !	1
16:36:38 14-01-2021	Wifi	Device dont have Wifi ip !	0
16:36:38 14-01-2021	Wifi	Something wrong !	0
16:36:50 14-01-2021	bluetooth	Cant scan device !	0
16:36:54 14-01-2021	LAN	Read camera document success !	1
16:36:55 14-01-2021	LAN	Read camera document success !	1
16:36:55 14-01-2021	Wifi	Device dont have Wifi ip !	0
16:36:55 14-01-2021	Wifi	Something wrong !	0
16:42:18 14-01-2021	bluetooth	Cant scan device !	0
16:42:18 14-01-2021	LAN	Read camera document success !	1
16:42:18 14-01-2021	LAN	Read camera document success !	1
16:42:18 14-01-2021	Wifi	Device dont have Wifi ip !	0
16:42:18 14-01-2021	Wifi	Something wrong !	0
16:42:30 14-01-2021	bluetooth	Cant scan device !	0
16:42:31 14-01-2021	LAN	Read camera document success !	1
16:42:32 14-01-2021	LAN	Read camera document success !	1
16:42:32 14-01-2021	Wifi	Device dont have Wifi ip !	0
16:42:32 14-01-2021	Wifi	Something wrong !	0
16:42:46 14-01-2021	bluetooth	Cant scan device !	0
16:42:46 14-01-2021	LAN	Read camera document success !	1
16:42:47 14-01-2021	LAN	Read camera document success !	1
16:42:47 14-01-2021	Wifi	Device dont have Wifi ip !	0
16:42:47 14-01-2021	Wifi	Something wrong !	0
16:42:59 14-01-2021	bluetooth	Cant scan device !	0
16:43:00 14-01-2021	LAN	Read camera document success !	1
16:43:01 14-01-2021	LAN	Read camera document success !	1
16:43:01 14-01-2021	Wifi	Device dont have Wifi ip !	0
16:43:01 14-01-2021	Wifi	Something wrong !	0
16:43:15 14-01-2021	bluetooth	Cant scan device !	0
16:43:15 14-01-2021	LAN	Read camera document success !	1
16:43:15 14-01-2021	LAN	Read camera document success !	1
16:43:15 14-01-2021	Wifi	Device dont have Wifi ip !	0
16:43:15 14-01-2021	Wifi	Something wrong !	0
16:43:31 14-01-2021	bluetooth	Cant scan device !	0
16:43:32 14-01-2021	LAN	Read camera document success !	1
16:43:32 14-01-2021	LAN	Read camera document success !	1
16:43:32 14-01-2021	Wifi	Device dont have Wifi ip !	0
16:43:32 14-01-2021	Wifi	Something wrong !	0
16:43:44 14-01-2021	bluetooth	Cant scan device !	0
16:43:44 14-01-2021	LAN	Read camera document success !	1
16:43:45 14-01-2021	LAN	Read camera document success !	1
16:43:45 14-01-2021	Wifi	Device dont have Wifi ip !	0
16:43:45 14-01-2021	Wifi	Something wrong !	0
16:43:57 14-01-2021	bluetooth	Cant scan device !	0
16:43:57 14-01-2021	LAN	Read camera document success !	1
16:43:58 14-01-2021	LAN	Read camera document success !	1
16:43:58 14-01-2021	Wifi	Device dont have Wifi ip !	0
16:43:58 14-01-2021	Wifi	Something wrong !	0
16:44:12 14-01-2021	bluetooth	Cant scan device !	0
16:44:12 14-01-2021	LAN	Read camera document success !	1
16:44:13 14-01-2021	LAN	Read camera document success !	1
16:44:13 14-01-2021	Wifi	Device dont have Wifi ip !	0
16:44:13 14-01-2021	Wifi	Something wrong !	0
16:44:25 14-01-2021	bluetooth	Cant scan device !	0
16:44:25 14-01-2021	LAN	Read camera document success !	1
16:44:25 14-01-2021	LAN	Read camera document success !	1
16:44:25 14-01-2021	Wifi	Device dont have Wifi ip !	0
16:44:25 14-01-2021	Wifi	Something wrong !	0
16:44:38 14-01-2021	bluetooth	Cant scan device !	0
16:44:38 14-01-2021	LAN	Read camera document success !	1
16:44:38 14-01-2021	LAN	Read camera document success !	1
16:44:38 14-01-2021	Wifi	Device dont have Wifi ip !	0
16:44:38 14-01-2021	Wifi	Something wrong !	0
16:44:51 14-01-2021	bluetooth	Cant scan device !	0
16:44:51 14-01-2021	LAN	Read camera document success !	1
16:44:51 14-01-2021	LAN	Read camera document success !	1
16:44:51 14-01-2021	Wifi	Device dont have Wifi ip !	0
16:44:51 14-01-2021	Wifi	Something wrong !	0
16:45:03 14-01-2021	bluetooth	Cant scan device !	0
16:45:04 14-01-2021	LAN	Read camera document success !	1
16:45:04 14-01-2021	LAN	Read camera document success !	1
16:45:04 14-01-2021	Wifi	Device dont have Wifi ip !	0
16:45:04 14-01-2021	Wifi	Something wrong !	0
16:46:20 14-01-2021	bluetooth	Cant scan device !	0
16:46:20 14-01-2021	LAN	Read camera document success !	1
16:46:21 14-01-2021	LAN	Read camera document success !	1
16:46:21 14-01-2021	Wifi	Device dont have Wifi ip !	0
16:46:21 14-01-2021	Wifi	Something wrong !	0
16:48:18 14-01-2021	bluetooth	Cant scan device !	0
16:48:18 14-01-2021	LAN	Read camera document success !	1
16:48:19 14-01-2021	LAN	Read camera document success !	1
16:48:19 14-01-2021	Wifi	Device dont have Wifi ip !	0
16:48:19 14-01-2021	Wifi	Something wrong !	0
16:48:31 14-01-2021	bluetooth	Cant scan device !	0
16:48:31 14-01-2021	LAN	Read camera document success !	1
16:48:32 14-01-2021	LAN	Read camera document success !	1
16:48:32 14-01-2021	Wifi	Device dont have Wifi ip !	0
16:48:32 14-01-2021	Wifi	Something wrong !	0
16:48:44 14-01-2021	bluetooth	Cant scan device !	0
16:51:17 14-01-2021	bluetooth	Cant scan device !	0
16:51:17 14-01-2021	LAN	Read camera document success !	1
16:51:18 14-01-2021	LAN	Read camera document success !	1
16:51:18 14-01-2021	Wifi	Device dont have Wifi ip !	0
16:51:18 14-01-2021	Wifi	Something wrong !	0
16:51:35 14-01-2021	bluetooth	Cant scan device !	0
16:51:36 14-01-2021	LAN	Read camera document success !	1
16:51:36 14-01-2021	LAN	Read camera document success !	1
16:51:36 14-01-2021	Wifi	Device dont have Wifi ip !	0
16:51:36 14-01-2021	Wifi	Something wrong !	0
16:51:48 14-01-2021	bluetooth	Cant scan device !	0
16:51:48 14-01-2021	LAN	Read camera document success !	1
16:51:49 14-01-2021	LAN	Read camera document success !	1
16:51:49 14-01-2021	Wifi	Device dont have Wifi ip !	0
16:51:49 14-01-2021	Wifi	Something wrong !	0
16:56:55 14-01-2021	bluetooth	Cant scan device !	0
16:56:55 14-01-2021	LAN	Read camera document success !	1
16:56:55 14-01-2021	LAN	Read camera document success !	1
16:56:55 14-01-2021	Wifi	Device dont have Wifi ip !	0
16:56:55 14-01-2021	Wifi	Something wrong !	0
16:57:08 14-01-2021	bluetooth	Cant scan device !	0
16:57:08 14-01-2021	LAN	Read camera document success !	1
16:57:08 14-01-2021	LAN	Read camera document success !	1
16:57:08 14-01-2021	Wifi	Device dont have Wifi ip !	0
16:57:08 14-01-2021	Wifi	Something wrong !	0
16:57:21 14-01-2021	bluetooth	Cant scan device !	0
16:57:21 14-01-2021	LAN	Read camera document success !	1
16:57:21 14-01-2021	LAN	Read camera document success !	1
16:57:21 14-01-2021	Wifi	Device dont have Wifi ip !	0
16:57:21 14-01-2021	Wifi	Something wrong !	0
16:57:34 14-01-2021	bluetooth	Cant scan device !	0
16:57:34 14-01-2021	LAN	Read camera document success !	1
16:57:34 14-01-2021	LAN	Read camera document success !	1
16:57:34 14-01-2021	Wifi	Device dont have Wifi ip !	0
16:57:34 14-01-2021	Wifi	Something wrong !	0
16:57:47 14-01-2021	bluetooth	Cant scan device !	0
16:57:47 14-01-2021	LAN	Read camera document success !	1
16:57:47 14-01-2021	LAN	Read camera document success !	1
16:57:47 14-01-2021	Wifi	Device dont have Wifi ip !	0
16:57:47 14-01-2021	Wifi	Something wrong !	0
16:58:00 14-01-2021	bluetooth	Cant scan device !	0
16:58:00 14-01-2021	LAN	Read camera document success !	1
16:58:00 14-01-2021	LAN	Read camera document success !	1
16:58:00 14-01-2021	Wifi	Device dont have Wifi ip !	0
16:58:00 14-01-2021	Wifi	Something wrong !	0
17:09:04 14-01-2021	bluetooth	Cant scan device !	0
17:09:04 14-01-2021	LAN	Read camera document success !	1
17:09:10 14-01-2021	LAN	Read camera document fail !	0
17:09:10 14-01-2021	Wifi	Device dont have Wifi ip !	0
17:09:10 14-01-2021	Wifi	Something wrong !	0
17:09:30 14-01-2021	bluetooth	Cant scan device !	0
17:09:30 14-01-2021	LAN	Read camera document success !	1
17:09:36 14-01-2021	LAN	Read camera document fail !	0
17:09:36 14-01-2021	Wifi	Device dont have Wifi ip !	0
17:09:36 14-01-2021	Wifi	Something wrong !	0
17:09:43 14-01-2021	bluetooth	Cant scan device !	0
17:09:43 14-01-2021	LAN	Read camera document success !	1
17:09:43 14-01-2021	LAN	Read camera document success !	1
17:09:43 14-01-2021	Wifi	Device dont have Wifi ip !	0
17:09:43 14-01-2021	Wifi	Something wrong !	0
17:10:01 14-01-2021	bluetooth	Cant scan device !	0
17:10:01 14-01-2021	LAN	Read camera document success !	1
17:10:01 14-01-2021	LAN	Read camera document success !	1
17:10:01 14-01-2021	Wifi	Device dont have Wifi ip !	0
17:10:01 14-01-2021	Wifi	Something wrong !	0
17:10:17 14-01-2021	bluetooth	Cant scan device !	0
17:10:17 14-01-2021	LAN	Read camera document success !	1
17:10:18 14-01-2021	LAN	Something wrong !	0
17:10:18 14-01-2021	Wifi	Device dont have Wifi ip !	0
17:10:18 14-01-2021	Wifi	Something wrong !	0
17:10:33 14-01-2021	bluetooth	Cant scan device !	0
17:10:33 14-01-2021	LAN	Read camera document success !	1
17:10:34 14-01-2021	LAN	Read camera document success !	1
17:10:34 14-01-2021	Wifi	Device dont have Wifi ip !	0
17:10:34 14-01-2021	Wifi	Something wrong !	0
13:33:08 15-01-2021	bluetooth	Cant scan device !	0
13:33:09 15-01-2021	LAN	Read camera document success !	1
13:33:09 15-01-2021	LAN	Read camera document success !	1
13:33:09 15-01-2021	Wifi	Device dont have Wifi ip !	0
13:33:09 15-01-2021	Wifi	Something wrong !	0
13:33:21 15-01-2021	bluetooth	Cant scan device !	0
13:33:22 15-01-2021	LAN	Read camera document success !	1
13:33:22 15-01-2021	LAN	Read camera document success !	1
13:33:22 15-01-2021	Wifi	Device dont have Wifi ip !	0
13:33:22 15-01-2021	Wifi	Something wrong !	0
13:33:35 15-01-2021	bluetooth	Cant scan device !	0
13:33:35 15-01-2021	LAN	Read camera document success !	1
13:33:35 15-01-2021	LAN	Read camera document success !	1
13:33:35 15-01-2021	Wifi	Device dont have Wifi ip !	0
13:33:35 15-01-2021	Wifi	Something wrong !	0
13:33:48 15-01-2021	bluetooth	Cant scan device !	0
13:33:48 15-01-2021	LAN	Read camera document success !	1
13:33:49 15-01-2021	LAN	Read camera document success !	1
13:33:49 15-01-2021	Wifi	Device dont have Wifi ip !	0
13:33:49 15-01-2021	Wifi	Something wrong !	0
13:34:01 15-01-2021	bluetooth	Cant scan device !	0
13:34:01 15-01-2021	LAN	Read camera document success !	1
13:34:02 15-01-2021	LAN	Read camera document success !	1
13:34:02 15-01-2021	Wifi	Device dont have Wifi ip !	0
13:34:02 15-01-2021	Wifi	Something wrong !	0
13:34:15 15-01-2021	bluetooth	Cant scan device !	0
13:34:15 15-01-2021	LAN	Read camera document success !	1
13:34:16 15-01-2021	LAN	Read camera document success !	1
13:34:16 15-01-2021	Wifi	Device dont have Wifi ip !	0
13:34:16 15-01-2021	Wifi	Something wrong !	0
13:55:51 15-01-2021	bluetooth	Cant scan device !	0
13:55:51 15-01-2021	LAN	Read camera document success !	1
13:55:51 15-01-2021	LAN	Read camera document success !	1
13:55:51 15-01-2021	Wifi	Device dont have Wifi ip !	0
13:55:51 15-01-2021	Wifi	Something wrong !	0
13:56:04 15-01-2021	bluetooth	Cant scan device !	0
13:56:04 15-01-2021	LAN	Read camera document success !	1
13:56:06 15-01-2021	LAN	Read camera document success !	1
13:56:06 15-01-2021	Wifi	Device dont have Wifi ip !	0
13:56:06 15-01-2021	Wifi	Something wrong !	0
13:56:25 15-01-2021	bluetooth	Cant scan device !	0
13:56:26 15-01-2021	LAN	Read camera document success !	1
13:56:27 15-01-2021	LAN	Read camera document success !	1
13:56:27 15-01-2021	Wifi	Device dont have Wifi ip !	0
13:56:27 15-01-2021	Wifi	Something wrong !	0
13:56:41 15-01-2021	bluetooth	Cant scan device !	0
13:56:42 15-01-2021	LAN	Read camera document success !	1
13:56:42 15-01-2021	LAN	Read camera document success !	1
13:56:42 15-01-2021	Wifi	Device dont have Wifi ip !	0
13:56:42 15-01-2021	Wifi	Something wrong !	0
14:06:20 15-01-2021	bluetooth	Cant scan device !	0
14:06:20 15-01-2021	LAN	Read camera document success !	1
14:06:20 15-01-2021	LAN	Read camera document success !	1
14:06:20 15-01-2021	Wifi	Device dont have Wifi ip !	0
14:06:20 15-01-2021	Wifi	Something wrong !	0
14:06:34 15-01-2021	bluetooth	Cant scan device !	0
14:06:34 15-01-2021	LAN	Read camera document success !	1
14:06:35 15-01-2021	LAN	Read camera document success !	1
14:06:35 15-01-2021	Wifi	Device dont have Wifi ip !	0
14:06:35 15-01-2021	Wifi	Something wrong !	0
14:06:47 15-01-2021	bluetooth	Cant scan device !	0
14:06:47 15-01-2021	LAN	Read camera document success !	1
14:06:48 15-01-2021	LAN	Read camera document success !	1
14:06:48 15-01-2021	Wifi	Device dont have Wifi ip !	0
14:06:48 15-01-2021	Wifi	Something wrong !	0
14:07:00 15-01-2021	bluetooth	Cant scan device !	0
14:07:01 15-01-2021	LAN	Read camera document success !	1
14:07:01 15-01-2021	LAN	Read camera document success !	1
14:07:01 15-01-2021	Wifi	Device dont have Wifi ip !	0
14:07:01 15-01-2021	Wifi	Something wrong !	0
14:07:13 15-01-2021	bluetooth	Cant scan device !	0
14:07:14 15-01-2021	LAN	Read camera document success !	1
14:07:16 15-01-2021	LAN	Read camera document success !	1
14:07:17 15-01-2021	Wifi	Device dont have Wifi ip !	0
14:07:17 15-01-2021	Wifi	Something wrong !	0
14:07:29 15-01-2021	bluetooth	Cant scan device !	0
14:07:29 15-01-2021	LAN	Read camera document success !	1
14:07:30 15-01-2021	LAN	Read camera document success !	1
14:07:30 15-01-2021	Wifi	Device dont have Wifi ip !	0
14:07:30 15-01-2021	Wifi	Something wrong !	0
14:07:42 15-01-2021	bluetooth	Cant scan device !	0
14:07:42 15-01-2021	LAN	Read camera document success !	1
14:07:42 15-01-2021	LAN	Read camera document success !	1
14:07:42 15-01-2021	Wifi	Device dont have Wifi ip !	0
14:07:42 15-01-2021	Wifi	Something wrong !	0
14:07:55 15-01-2021	bluetooth	Cant scan device !	0
14:07:55 15-01-2021	LAN	Read camera document success !	1
14:07:56 15-01-2021	LAN	Read camera document success !	1
14:07:56 15-01-2021	Wifi	Device dont have Wifi ip !	0
14:07:56 15-01-2021	Wifi	Something wrong !	0
14:08:11 15-01-2021	bluetooth	Cant scan device !	0
14:08:12 15-01-2021	LAN	Read camera document success !	1
14:08:12 15-01-2021	LAN	Read camera document success !	1
14:08:12 15-01-2021	Wifi	Device dont have Wifi ip !	0
14:08:12 15-01-2021	Wifi	Something wrong !	0
14:08:24 15-01-2021	bluetooth	Cant scan device !	0
14:08:25 15-01-2021	LAN	Read camera document success !	1
14:08:25 15-01-2021	LAN	Read camera document success !	1
14:08:25 15-01-2021	Wifi	Device dont have Wifi ip !	0
14:08:25 15-01-2021	Wifi	Something wrong !	0
14:08:37 15-01-2021	bluetooth	Cant scan device !	0
14:08:38 15-01-2021	LAN	Read camera document success !	1
14:08:38 15-01-2021	LAN	Read camera document success !	1
14:08:38 15-01-2021	Wifi	Device dont have Wifi ip !	0
14:08:38 15-01-2021	Wifi	Something wrong !	0
14:08:50 15-01-2021	bluetooth	Cant scan device !	0
14:08:50 15-01-2021	LAN	Read camera document success !	1
14:08:51 15-01-2021	LAN	Read camera document success !	1
14:08:51 15-01-2021	Wifi	Device dont have Wifi ip !	0
14:08:51 15-01-2021	Wifi	Something wrong !	0
14:09:03 15-01-2021	bluetooth	Cant scan device !	0
14:09:04 15-01-2021	LAN	Read camera document success !	1
14:09:05 15-01-2021	LAN	Read camera document success !	1
14:09:05 15-01-2021	Wifi	Device dont have Wifi ip !	0
14:09:05 15-01-2021	Wifi	Something wrong !	0
