14:04:33 14-01-2021	bluetooth	Cant scan device !	0
14:04:34 14-01-2021	LAN	Read camera document success !	1
14:04:34 14-01-2021	LAN	Read camera document success !	1
14:04:34 14-01-2021	Wifi	Read camera document success !	1
14:04:34 14-01-2021	Wifi	Read camera document success !	1
14:04:46 14-01-2021	bluetooth	Cant scan device !	0
14:04:46 14-01-2021	LAN	Read camera document success !	1
14:04:47 14-01-2021	LAN	Read camera document success !	1
14:04:47 14-01-2021	Wifi	Read camera document success !	1
14:04:47 14-01-2021	Wifi	Read camera document success !	1
14:04:59 14-01-2021	bluetooth	Cant scan device !	0
14:04:59 14-01-2021	LAN	Read camera document success !	1
14:05:00 14-01-2021	LAN	Read camera document success !	1
14:05:00 14-01-2021	Wifi	Read camera document success !	1
14:05:00 14-01-2021	Wifi	Read camera document success !	1
14:29:30 14-01-2021	bluetooth	Cant scan device !	0
14:29:31 14-01-2021	LAN	Read camera document success !	1
14:29:31 14-01-2021	LAN	Read camera document success !	1
14:29:31 14-01-2021	Wifi	Read camera document success !	1
14:29:32 14-01-2021	Wifi	Read camera document success !	1
14:29:50 14-01-2021	bluetooth	Cant scan device !	0
14:29:50 14-01-2021	LAN	Read camera document success !	1
14:29:51 14-01-2021	LAN	Read camera document success !	1
14:29:51 14-01-2021	Wifi	Read camera document success !	1
14:29:52 14-01-2021	Wifi	Read camera document success !	1
14:30:05 14-01-2021	bluetooth	Cant scan device !	0
14:30:06 14-01-2021	LAN	Read camera document success !	1
14:30:06 14-01-2021	LAN	Read camera document success !	1
14:30:06 14-01-2021	Wifi	Read camera document success !	1
14:30:07 14-01-2021	Wifi	Read camera document success !	1
14:30:23 14-01-2021	bluetooth	Cant scan device !	0
14:30:23 14-01-2021	LAN	Read camera document success !	1
14:30:24 14-01-2021	LAN	Read camera document success !	1
14:30:24 14-01-2021	Wifi	Read camera document success !	1
14:30:24 14-01-2021	Wifi	Read camera document success !	1
14:31:33 14-01-2021	bluetooth	Cant scan device !	0
14:31:33 14-01-2021	LAN	Read camera document success !	1
14:31:34 14-01-2021	LAN	Read camera document success !	1
14:31:34 14-01-2021	Wifi	Read camera document success !	1
14:31:34 14-01-2021	Wifi	Read camera document success !	1
16:29:20 14-01-2021	bluetooth	Cant scan device !	0
16:29:20 14-01-2021	LAN	Read camera document success !	1
16:29:20 14-01-2021	LAN	Read camera document success !	1
16:29:21 14-01-2021	Wifi	Read camera document success !	1
16:29:21 14-01-2021	Wifi	Read camera document success !	1
16:29:33 14-01-2021	bluetooth	Cant scan device !	0
16:29:35 14-01-2021	LAN	Read camera document success !	1
16:29:39 14-01-2021	LAN	Read camera document success !	1
16:29:39 14-01-2021	Wifi	Read camera document success !	1
16:29:39 14-01-2021	Wifi	Read camera document success !	1
16:34:40 14-01-2021	bluetooth	Cant scan device !	0
16:34:43 14-01-2021	LAN	Read camera document success !	1
16:34:43 14-01-2021	LAN	Read camera document success !	1
16:34:44 14-01-2021	Wifi	Read camera document success !	1
16:34:45 14-01-2021	Wifi	Read camera document success !	1
16:34:55 14-01-2021	bluetooth	Cant scan device !	0
16:34:59 14-01-2021	LAN	Read camera document success !	1
16:35:00 14-01-2021	LAN	Read camera document success !	1
16:35:00 14-01-2021	Wifi	Read camera document success !	1
16:35:01 14-01-2021	Wifi	Read camera document success !	1
16:35:12 14-01-2021	bluetooth	Cant scan device !	0
16:35:15 14-01-2021	LAN	Read camera document success !	1
16:35:16 14-01-2021	LAN	Read camera document success !	1
16:35:16 14-01-2021	Wifi	Read camera document success !	1
16:35:17 14-01-2021	Wifi	Read camera document success !	1
16:35:44 14-01-2021	bluetooth	Cant scan device !	0
16:35:46 14-01-2021	LAN	Read camera document success !	1
16:35:47 14-01-2021	LAN	Read camera document success !	1
16:35:47 14-01-2021	Wifi	Read camera document success !	1
16:35:48 14-01-2021	Wifi	Read camera document success !	1
16:35:59 14-01-2021	bluetooth	Cant scan device !	0
16:36:00 14-01-2021	LAN	Read camera document success !	1
16:36:01 14-01-2021	LAN	Read camera document success !	1
16:36:01 14-01-2021	Wifi	Read camera document success !	1
16:36:02 14-01-2021	Wifi	Read camera document success !	1
16:36:13 14-01-2021	bluetooth	Cant scan device !	0
16:36:22 14-01-2021	LAN	Read camera document success !	1
16:36:25 14-01-2021	LAN	Read camera document success !	1
16:36:26 14-01-2021	Wifi	Read camera document success !	1
16:36:31 14-01-2021	Wifi	Read camera document success !	1
16:36:37 14-01-2021	bluetooth	Cant scan device !	0
16:36:38 14-01-2021	LAN	Read camera document success !	1
16:36:38 14-01-2021	LAN	Read camera document success !	1
16:36:39 14-01-2021	Wifi	Read camera document success !	1
16:36:39 14-01-2021	Wifi	Read camera document success !	1
16:36:50 14-01-2021	bluetooth	Cant scan device !	0
16:36:54 14-01-2021	LAN	Read camera document success !	1
16:36:55 14-01-2021	LAN	Read camera document success !	1
16:36:55 14-01-2021	Wifi	Read camera document success !	1
16:36:56 14-01-2021	Wifi	Read camera document success !	1
16:37:07 14-01-2021	bluetooth	Cant scan device !	0
16:37:07 14-01-2021	LAN	Read camera document success !	1
16:37:08 14-01-2021	LAN	Read camera document success !	1
16:37:08 14-01-2021	Wifi	Read camera document success !	1
16:37:11 14-01-2021	Wifi	Read camera document success !	1
16:37:18 14-01-2021	bluetooth	Cant scan device !	0
16:37:43 14-01-2021	LAN	Read camera document success !	1
16:38:04 14-01-2021	LAN	Something wrong !	0
16:42:18 14-01-2021	bluetooth	Cant scan device !	0
16:42:18 14-01-2021	LAN	Read camera document success !	1
16:42:19 14-01-2021	LAN	Read camera document success !	1
16:42:19 14-01-2021	Wifi	Read camera document success !	1
16:42:19 14-01-2021	Wifi	Read camera document success !	1
16:42:30 14-01-2021	bluetooth	Cant scan device !	0
16:42:31 14-01-2021	LAN	Something wrong !	0
16:42:31 14-01-2021	Wifi	Read camera document success !	1
16:42:32 14-01-2021	Wifi	Read camera document success !	1
16:42:46 14-01-2021	bluetooth	Cant scan device !	0
16:42:47 14-01-2021	LAN	Read camera document success !	1
16:42:47 14-01-2021	LAN	Read camera document success !	1
16:42:47 14-01-2021	Wifi	Read camera document success !	1
16:42:48 14-01-2021	Wifi	Read camera document success !	1
16:42:59 14-01-2021	bluetooth	Cant scan device !	0
16:43:00 14-01-2021	LAN	Read camera document success !	1
16:43:02 14-01-2021	LAN	Read camera document success !	1
16:43:03 14-01-2021	Wifi	Read camera document success !	1
16:43:04 14-01-2021	Wifi	Read camera document success !	1
16:51:17 14-01-2021	bluetooth	Cant scan device !	0
16:51:17 14-01-2021	LAN	Read camera document success !	1
16:51:18 14-01-2021	LAN	Read camera document success !	1
16:51:18 14-01-2021	Wifi	Read camera document success !	1
16:51:18 14-01-2021	Wifi	Read camera document success !	1
16:51:35 14-01-2021	bluetooth	Cant scan device !	0
16:51:36 14-01-2021	LAN	Read camera document success !	1
16:51:36 14-01-2021	LAN	Read camera document success !	1
16:51:36 14-01-2021	Wifi	Read camera document success !	1
16:51:36 14-01-2021	Wifi	Read camera document success !	1
17:03:45 14-01-2021	bluetooth	Cant scan device !	0
17:03:45 14-01-2021	LAN	Read camera document success !	1
17:03:46 14-01-2021	LAN	Read camera document success !	1
17:03:46 14-01-2021	Wifi	Read camera document success !	1
17:03:46 14-01-2021	Wifi	Read camera document success !	1
17:09:04 14-01-2021	bluetooth	Cant scan device !	0
17:09:04 14-01-2021	LAN	Read camera document success !	1
17:09:04 14-01-2021	LAN	Read camera document success !	1
17:09:05 14-01-2021	Wifi	Read camera document success !	1
17:09:05 14-01-2021	Wifi	Read camera document success !	1
17:09:30 14-01-2021	bluetooth	Cant scan device !	0
17:09:30 14-01-2021	LAN	Read camera document success !	1
17:09:31 14-01-2021	LAN	Read camera document success !	1
17:09:31 14-01-2021	Wifi	Read camera document success !	1
17:09:31 14-01-2021	Wifi	Read camera document success !	1
17:09:43 14-01-2021	bluetooth	Cant scan device !	0
17:09:43 14-01-2021	LAN	Read camera document success !	1
17:09:44 14-01-2021	LAN	Read camera document success !	1
17:09:44 14-01-2021	Wifi	Read camera document success !	1
17:09:44 14-01-2021	Wifi	Read camera document success !	1
17:10:01 14-01-2021	bluetooth	Cant scan device !	0
17:10:01 14-01-2021	LAN	Read camera document success !	1
17:10:02 14-01-2021	LAN	Read camera document success !	1
17:10:02 14-01-2021	Wifi	Read camera document success !	1
17:10:02 14-01-2021	Wifi	Read camera document success !	1
17:10:17 14-01-2021	bluetooth	Cant scan device !	0
17:10:17 14-01-2021	LAN	Read camera document success !	1
17:10:18 14-01-2021	LAN	Read camera document success !	1
17:10:18 14-01-2021	Wifi	Read camera document success !	1
17:10:18 14-01-2021	Wifi	Read camera document success !	1
17:10:33 14-01-2021	bluetooth	Cant scan device !	0
17:10:34 14-01-2021	LAN	Read camera document success !	1
17:10:34 14-01-2021	LAN	Read camera document success !	1
17:10:34 14-01-2021	Wifi	Read camera document success !	1
17:10:35 14-01-2021	Wifi	Read camera document success !	1
17:12:12 14-01-2021	bluetooth	Cant scan device !	0
17:12:12 14-01-2021	LAN	Read camera document success !	1
17:12:13 14-01-2021	LAN	Read camera document success !	1
17:12:13 14-01-2021	Wifi	Read camera document success !	1
17:12:13 14-01-2021	Wifi	Read camera document success !	1
17:36:06 14-01-2021	bluetooth	Cant scan device !	0
17:36:06 14-01-2021	LAN	Read camera document success !	1
17:36:07 14-01-2021	LAN	Read camera document success !	1
17:36:07 14-01-2021	Wifi	Read camera document success !	1
17:36:07 14-01-2021	Wifi	Read camera document success !	1
17:36:23 14-01-2021	bluetooth	Cant scan device !	0
17:36:23 14-01-2021	LAN	Read camera document success !	1
17:36:23 14-01-2021	LAN	Read camera document success !	1
17:36:23 14-01-2021	Wifi	Read camera document success !	1
17:36:24 14-01-2021	Wifi	Read camera document success !	1
13:33:08 15-01-2021	bluetooth	Cant scan device !	0
13:33:29 15-01-2021	LAN	Something wrong !	0
13:33:50 15-01-2021	Wifi	Something wrong !	0
13:34:01 15-01-2021	bluetooth	Cant scan device !	0
13:34:22 15-01-2021	LAN	Something wrong !	0
13:34:43 15-01-2021	Wifi	Something wrong !	0
14:10:41 15-01-2021	bluetooth	Cant scan device !	0
14:11:02 15-01-2021	LAN	Something wrong !	0
14:11:23 15-01-2021	Wifi	Something wrong !	0
14:11:29 15-01-2021	bluetooth	Cant scan device !	0
14:11:50 15-01-2021	LAN	Something wrong !	0
14:12:11 15-01-2021	Wifi	Something wrong !	0
14:12:24 15-01-2021	bluetooth	Cant scan device !	0
14:12:45 15-01-2021	LAN	Something wrong !	0
14:13:06 15-01-2021	Wifi	Something wrong !	0
14:14:32 15-01-2021	bluetooth	Cant scan device !	0
14:14:53 15-01-2021	LAN	Something wrong !	0
14:15:14 15-01-2021	Wifi	Something wrong !	0
14:15:26 15-01-2021	bluetooth	Cant scan device !	0
14:15:47 15-01-2021	LAN	Something wrong !	0
14:16:09 15-01-2021	Wifi	Something wrong !	0
14:16:21 15-01-2021	bluetooth	Cant scan device !	0
14:16:42 15-01-2021	LAN	Something wrong !	0
14:17:03 15-01-2021	Wifi	Something wrong !	0
14:17:15 15-01-2021	bluetooth	Cant scan device !	0
14:17:36 15-01-2021	LAN	Something wrong !	0
14:17:57 15-01-2021	Wifi	Something wrong !	0
14:18:10 15-01-2021	bluetooth	Cant scan device !	0
14:18:31 15-01-2021	LAN	Something wrong !	0
14:18:52 15-01-2021	Wifi	Something wrong !	0
14:20:49 15-01-2021	bluetooth	Cant scan device !	0
14:25:20 15-01-2021	bluetooth	Cant scan device !	0
14:25:41 15-01-2021	LAN	Something wrong !	0
14:26:02 15-01-2021	Wifi	Something wrong !	0
14:26:18 15-01-2021	bluetooth	Cant scan device !	0
14:26:40 15-01-2021	LAN	Something wrong !	0
14:27:01 15-01-2021	Wifi	Something wrong !	0
14:27:18 15-01-2021	bluetooth	Cant scan device !	0
14:27:39 15-01-2021	LAN	Something wrong !	0
14:28:00 15-01-2021	Wifi	Something wrong !	0
14:28:08 15-01-2021	bluetooth	Cant scan device !	0
14:28:29 15-01-2021	LAN	Something wrong !	0
14:28:50 15-01-2021	Wifi	Something wrong !	0
14:28:55 15-01-2021	bluetooth	Cant scan device !	0
14:29:16 15-01-2021	LAN	Something wrong !	0
14:29:37 15-01-2021	Wifi	Something wrong !	0
14:29:50 15-01-2021	bluetooth	Cant scan device !	0
14:30:11 15-01-2021	LAN	Something wrong !	0
14:30:32 15-01-2021	Wifi	Something wrong !	0
14:30:37 15-01-2021	bluetooth	Cant scan device !	0
14:30:58 15-01-2021	LAN	Something wrong !	0
14:31:19 15-01-2021	Wifi	Something wrong !	0
14:31:33 15-01-2021	bluetooth	Cant scan device !	0
14:31:54 15-01-2021	LAN	Something wrong !	0
14:32:15 15-01-2021	Wifi	Something wrong !	0
