17:36:14 14-01-2021	bluetooth	Authen success !	1
17:36:19 14-01-2021	bluetooth	Read camera document success !	1
17:36:21 14-01-2021	bluetooth	Read camera face success !	1
17:36:21 14-01-2021	LAN	Read camera document success !	1
17:36:21 14-01-2021	LAN	Read camera document success !	1
17:36:21 14-01-2021	Wifi	Device dont have Wifi ip !	0
17:36:21 14-01-2021	Wifi	Something wrong !	0
14:20:50 15-01-2021	bluetooth	Fail to connect to device !	0
14:20:50 15-01-2021	LAN	Something wrong !	0
14:20:50 15-01-2021	Wifi	Device dont have Wifi ip !	0
14:20:50 15-01-2021	Wifi	Something wrong !	0
14:25:22 15-01-2021	bluetooth	Fail to connect to device !	0
14:25:22 15-01-2021	LAN	Something wrong !	0
14:25:22 15-01-2021	Wifi	Device dont have Wifi ip !	0
14:25:22 15-01-2021	Wifi	Something wrong !	0
14:26:23 15-01-2021	bluetooth	Fail to connect to device !	0
14:26:23 15-01-2021	LAN	Something wrong !	0
14:26:23 15-01-2021	Wifi	Device dont have Wifi ip !	0
14:26:23 15-01-2021	Wifi	Something wrong !	0
14:27:24 15-01-2021	bluetooth	Fail to connect to device !	0
14:27:24 15-01-2021	LAN	Something wrong !	0
14:27:24 15-01-2021	Wifi	Device dont have Wifi ip !	0
14:27:24 15-01-2021	Wifi	Something wrong !	0
14:28:24 15-01-2021	bluetooth	Fail to connect to device !	0
14:28:24 15-01-2021	LAN	Something wrong !	0
14:28:24 15-01-2021	Wifi	Device dont have Wifi ip !	0
14:28:24 15-01-2021	Wifi	Something wrong !	0
14:29:25 15-01-2021	bluetooth	Fail to connect to device !	0
14:29:25 15-01-2021	LAN	Something wrong !	0
14:29:25 15-01-2021	Wifi	Device dont have Wifi ip !	0
14:29:25 15-01-2021	Wifi	Something wrong !	0
14:30:26 15-01-2021	bluetooth	Fail to connect to device !	0
14:30:26 15-01-2021	LAN	Something wrong !	0
14:30:26 15-01-2021	Wifi	Device dont have Wifi ip !	0
14:30:26 15-01-2021	Wifi	Something wrong !	0
14:31:26 15-01-2021	bluetooth	Fail to connect to device !	0
14:31:26 15-01-2021	LAN	Something wrong !	0
14:31:26 15-01-2021	Wifi	Device dont have Wifi ip !	0
14:31:26 15-01-2021	Wifi	Something wrong !	0
