10:38:44 11-01-2021	Authen success !	1
10:38:46 11-01-2021	Read camera document success !	1
10:38:52 11-01-2021	Read camera face fail !	0
10:39:15 11-01-2021	Authen success !	1
10:39:17 11-01-2021	Read camera document success !	1
10:39:23 11-01-2021	Read camera face fail !	0
10:39:45 11-01-2021	Authen success !	1
10:39:47 11-01-2021	Read camera document success !	1
10:39:53 11-01-2021	Read camera face fail !	0
10:40:09 11-01-2021	Authen success !	1
10:40:11 11-01-2021	Read camera document success !	1
10:40:17 11-01-2021	Read camera face fail !	0
10:40:45 11-01-2021	Authen success !	1
10:40:47 11-01-2021	Read camera document success !	1
10:40:53 11-01-2021	Read camera face fail !	0
10:41:17 11-01-2021	Authen success !	1
10:41:19 11-01-2021	Read camera document success !	1
10:41:25 11-01-2021	Read camera face fail !	0
10:41:49 11-01-2021	Authen success !	1
10:41:50 11-01-2021	Read camera document success !	1
10:41:56 11-01-2021	Read camera face fail !	0
10:42:24 11-01-2021	Authen success !	1
10:42:26 11-01-2021	Read camera document success !	1
10:42:32 11-01-2021	Read camera face fail !	0
10:43:01 11-01-2021	Authen success !	1
10:43:03 11-01-2021	Read camera document success !	1
10:43:09 11-01-2021	Read camera face fail !	0
10:43:32 11-01-2021	Authen success !	1
10:43:34 11-01-2021	Read camera document success !	1
10:43:40 11-01-2021	Read camera face fail !	0
10:44:02 11-01-2021	Authen success !	1
10:44:03 11-01-2021	Read camera document success !	1
10:44:09 11-01-2021	Read camera face fail !	0
10:44:35 11-01-2021	Authen success !	1
10:44:37 11-01-2021	Read camera document success !	1
10:44:39 11-01-2021	Fail to send read camera face !	0
10:44:58 11-01-2021	Authen success !	1
10:45:01 11-01-2021	Read camera document success !	1
10:45:07 11-01-2021	Read camera face fail !	0
10:45:31 11-01-2021	Authen success !	1
10:45:33 11-01-2021	Read camera document success !	1
10:45:39 11-01-2021	Read camera face fail !	0
10:46:04 11-01-2021	Authen success !	1
10:46:07 11-01-2021	Read camera document success !	1
10:46:13 11-01-2021	Read camera face fail !	0
10:46:38 11-01-2021	Authen success !	1
10:46:40 11-01-2021	Read camera document success !	1
10:46:46 11-01-2021	Read camera face fail !	0
10:47:16 11-01-2021	Fail to connect to device !	0
10:47:46 11-01-2021	Authen success !	1
10:47:48 11-01-2021	Read camera document success !	1
10:47:54 11-01-2021	Read camera face fail !	0
10:48:14 11-01-2021	Authen success !	1
10:48:17 11-01-2021	Read camera document success !	1
10:48:23 11-01-2021	Read camera face fail !	0
10:48:46 11-01-2021	Authen success !	1
10:48:48 11-01-2021	Read camera document success !	1
10:48:54 11-01-2021	Read camera face fail !	0
10:49:18 11-01-2021	Authen success !	1
10:49:20 11-01-2021	Read camera document success !	1
10:49:26 11-01-2021	Read camera face fail !	0
10:49:48 11-01-2021	Authen success !	1
10:49:51 11-01-2021	Read camera document success !	1
10:49:57 11-01-2021	Read camera face fail !	0
10:50:22 11-01-2021	Authen success !	1
10:50:24 11-01-2021	Read camera document success !	1
10:50:30 11-01-2021	Read camera face fail !	0
10:50:53 11-01-2021	Fail to connect to device !	0
10:51:23 11-01-2021	Authen success !	1
10:51:26 11-01-2021	Read camera document success !	1
10:51:26 11-01-2021	Read camera face success !	1
10:51:52 11-01-2021	Fail to connect to device !	0
10:52:18 11-01-2021	Authen success !	1
10:52:20 11-01-2021	Read camera document success !	1
10:52:21 11-01-2021	Read camera face success !	1
10:52:46 11-01-2021	Authen success !	1
10:52:49 11-01-2021	Read camera document success !	1
10:52:49 11-01-2021	Read camera face success !	1
10:53:16 11-01-2021	Authen success !	1
10:53:18 11-01-2021	Read camera document success !	1
10:53:19 11-01-2021	Read camera face success !	1
10:53:42 11-01-2021	Authen success !	1
10:53:45 11-01-2021	Read camera document success !	1
10:53:45 11-01-2021	Read camera face success !	1
10:54:08 11-01-2021	Authen success !	1
10:54:10 11-01-2021	Read camera document success !	1
10:54:11 11-01-2021	Read camera face success !	1
10:54:37 11-01-2021	Authen success !	1
10:54:40 11-01-2021	Read camera document success !	1
10:54:40 11-01-2021	Read camera face success !	1
10:55:04 11-01-2021	Fail to connect to device !	0
10:55:26 11-01-2021	Authen success !	1
10:55:29 11-01-2021	Read camera document success !	1
10:55:30 11-01-2021	Read camera face success !	1
10:55:54 11-01-2021	Authen success !	1
10:55:57 11-01-2021	Read camera document success !	1
10:55:57 11-01-2021	Read camera face success !	1
10:56:19 11-01-2021	Authen success !	1
10:56:22 11-01-2021	Read camera document success !	1
10:56:22 11-01-2021	Read camera face success !	1
10:56:47 11-01-2021	Authen success !	1
10:56:51 11-01-2021	Read camera document success !	1
10:56:51 11-01-2021	Read camera face success !	1
10:57:17 11-01-2021	Authen success !	1
10:57:21 11-01-2021	Read camera document success !	1
10:57:22 11-01-2021	Read camera face success !	1
10:57:46 11-01-2021	Authen success !	1
10:57:50 11-01-2021	Read camera document success !	1
10:57:50 11-01-2021	Read camera face success !	1
10:58:17 11-01-2021	Authen success !	1
10:58:20 11-01-2021	Read camera document success !	1
10:58:20 11-01-2021	Read camera face success !	1
10:58:49 11-01-2021	Authen success !	1
10:58:51 11-01-2021	Read camera document success !	1
10:58:52 11-01-2021	Read camera face success !	1
10:59:18 11-01-2021	Fail to connect to device !	0
10:59:47 11-01-2021	Authen success !	1
10:59:53 11-01-2021	Read camera document success !	1
10:59:54 11-01-2021	Read camera face success !	1
11:00:23 11-01-2021	Authen success !	1
11:00:28 11-01-2021	Read camera document success !	1
11:00:30 11-01-2021	Read camera face success !	1
11:00:55 11-01-2021	Authen success !	1
11:01:01 11-01-2021	Read camera document success !	1
11:01:02 11-01-2021	Read camera face success !	1
11:01:33 11-01-2021	Authen success !	1
11:01:37 11-01-2021	Read camera document success !	1
11:01:38 11-01-2021	Read camera face success !	1
11:02:01 11-01-2021	Authen success !	1
11:02:04 11-01-2021	Read camera document success !	1
11:02:05 11-01-2021	Read camera face success !	1
11:02:24 11-01-2021	Authen success !	1
11:02:29 11-01-2021	Read camera document success !	1
11:02:30 11-01-2021	Read camera face success !	1
11:02:58 11-01-2021	Authen success !	1
11:03:01 11-01-2021	Read camera document success !	1
11:03:01 11-01-2021	Read camera face success !	1
11:03:17 11-01-2021	Authen success !	1
11:03:21 11-01-2021	Read camera document success !	1
11:03:22 11-01-2021	Read camera face success !	1
11:03:43 11-01-2021	Authen success !	1
11:03:47 11-01-2021	Read camera document success !	1
11:03:47 11-01-2021	Read camera face success !	1
11:04:14 11-01-2021	Fail to connect to device !	0
11:04:40 11-01-2021	Authen success !	1
11:04:42 11-01-2021	Read camera document success !	1
11:04:43 11-01-2021	Read camera face success !	1
11:05:07 11-01-2021	Authen success !	1
11:05:10 11-01-2021	Read camera document success !	1
11:05:10 11-01-2021	Read camera face success !	1
11:05:32 11-01-2021	Authen success !	1
11:05:35 11-01-2021	Read camera document success !	1
11:05:35 11-01-2021	Read camera face success !	1
11:05:55 11-01-2021	Authen success !	1
11:05:58 11-01-2021	Read camera document success !	1
11:05:58 11-01-2021	Read camera face success !	1
11:06:22 11-01-2021	Authen success !	1
11:06:25 11-01-2021	Read camera document success !	1
11:06:26 11-01-2021	Read camera face success !	1
11:06:45 11-01-2021	Authen success !	1
11:06:47 11-01-2021	Read camera document success !	1
11:06:48 11-01-2021	Read camera face success !	1
11:07:11 11-01-2021	Authen success !	1
11:07:14 11-01-2021	Read camera document success !	1
11:07:14 11-01-2021	Read camera face success !	1
11:07:33 11-01-2021	Authen success !	1
11:07:35 11-01-2021	Read camera document success !	1
11:07:36 11-01-2021	Read camera face success !	1
11:07:57 11-01-2021	Authen success !	1
11:08:00 11-01-2021	Read camera document success !	1
11:08:00 11-01-2021	Read camera face success !	1
11:08:17 11-01-2021	Authen success !	1
11:08:19 11-01-2021	Read camera document success !	1
11:08:20 11-01-2021	Read camera face success !	1
11:08:37 11-01-2021	Authen success !	1
11:08:39 11-01-2021	Read camera document success !	1
11:08:39 11-01-2021	Read camera face success !	1
11:09:09 11-01-2021	Authen success !	1
11:09:11 11-01-2021	Read camera document success !	1
11:09:12 11-01-2021	Read camera face success !	1
11:09:45 11-01-2021	Authen success !	1
11:09:47 11-01-2021	Read camera document success !	1
11:09:48 11-01-2021	Read camera face success !	1
11:10:14 11-01-2021	Authen success !	1
11:10:18 11-01-2021	Read camera document success !	1
11:10:18 11-01-2021	Read camera face success !	1
11:10:46 11-01-2021	Authen success !	1
11:10:49 11-01-2021	Read camera document success !	1
11:10:49 11-01-2021	Read camera face success !	1
11:11:12 11-01-2021	Authen success !	1
11:11:17 11-01-2021	Read camera document success !	1
11:11:17 11-01-2021	Read camera face success !	1
11:11:43 11-01-2021	Authen success !	1
11:11:47 11-01-2021	Read camera document success !	1
11:11:47 11-01-2021	Read camera face success !	1
11:12:09 11-01-2021	Authen success !	1
11:12:11 11-01-2021	Read camera document success !	1
11:12:12 11-01-2021	Read camera face success !	1
11:12:32 11-01-2021	Authen success !	1
11:12:35 11-01-2021	Read camera document success !	1
11:12:36 11-01-2021	Read camera face success !	1
11:12:57 11-01-2021	Authen success !	1
11:13:00 11-01-2021	Read camera document success !	1
11:13:00 11-01-2021	Read camera face success !	1
11:13:28 11-01-2021	Authen success !	1
11:13:30 11-01-2021	Read camera document success !	1
11:13:30 11-01-2021	Read camera face success !	1
11:13:56 11-01-2021	Authen success !	1
11:13:58 11-01-2021	Read camera document success !	1
11:13:58 11-01-2021	Read camera face success !	1
11:14:21 11-01-2021	Authen success !	1
11:14:23 11-01-2021	Read camera document success !	1
11:14:23 11-01-2021	Read camera face success !	1
11:14:47 11-01-2021	Authen success !	1
11:14:52 11-01-2021	Read camera document success !	1
11:14:53 11-01-2021	Read camera face success !	1
11:15:18 11-01-2021	Authen success !	1
11:15:24 11-01-2021	Read camera document success !	1
11:15:26 11-01-2021	Read camera face success !	1
11:15:51 11-01-2021	Authen success !	1
11:15:54 11-01-2021	Read camera document success !	1
11:15:55 11-01-2021	Read camera face success !	1
11:16:23 11-01-2021	Authen success !	1
11:16:28 11-01-2021	Read camera document success !	1
11:16:29 11-01-2021	Read camera face success !	1
11:16:54 11-01-2021	Authen success !	1
11:16:57 11-01-2021	Read camera document success !	1
11:16:57 11-01-2021	Read camera face success !	1
11:17:22 11-01-2021	Authen success !	1
11:17:26 11-01-2021	Read camera document success !	1
11:17:26 11-01-2021	Read camera face success !	1
11:17:56 11-01-2021	Authen success !	1
11:17:59 11-01-2021	Read camera document success !	1
11:17:59 11-01-2021	Read camera face success !	1
11:18:27 11-01-2021	Authen success !	1
11:18:31 11-01-2021	Read camera document success !	1
11:18:32 11-01-2021	Read camera face success !	1
11:18:58 11-01-2021	Authen success !	1
11:19:02 11-01-2021	Read camera document success !	1
11:19:03 11-01-2021	Read camera face success !	1
11:19:29 11-01-2021	Authen success !	1
11:19:32 11-01-2021	Read camera document success !	1
11:19:32 11-01-2021	Read camera face success !	1
11:19:55 11-01-2021	Authen success !	1
11:20:00 11-01-2021	Read camera document success !	1
11:20:01 11-01-2021	Read camera face success !	1
11:20:25 11-01-2021	Authen success !	1
11:20:29 11-01-2021	Read camera document success !	1
11:20:30 11-01-2021	Read camera face success !	1
11:20:52 11-01-2021	Authen success !	1
11:20:57 11-01-2021	Read camera document success !	1
11:20:58 11-01-2021	Read camera face success !	1
11:21:22 11-01-2021	Fail to connect to device !	0
11:21:48 11-01-2021	Authen success !	1
11:21:54 11-01-2021	Read camera document success !	1
11:21:57 11-01-2021	Read camera face success !	1
11:22:17 11-01-2021	Authen success !	1
11:22:24 11-01-2021	Read camera document success !	1
11:22:26 11-01-2021	Read camera face success !	1
11:22:52 11-01-2021	Authen success !	1
11:22:55 11-01-2021	Read camera document success !	1
11:22:55 11-01-2021	Read camera face success !	1
11:23:20 11-01-2021	Authen success !	1
11:23:22 11-01-2021	Read camera document success !	1
11:23:23 11-01-2021	Read camera face success !	1
11:23:47 11-01-2021	Authen success !	1
11:23:57 11-01-2021	Read camera document success !	1
11:23:59 11-01-2021	Read camera face success !	1
11:24:27 11-01-2021	Fail to connect to device !	0
11:24:52 11-01-2021	Authen success !	1
11:24:55 11-01-2021	Read camera document success !	1
11:24:56 11-01-2021	Read camera face success !	1
11:25:17 11-01-2021	Authen success !	1
11:25:20 11-01-2021	Read camera document success !	1
11:25:21 11-01-2021	Read camera face success !	1
11:25:46 11-01-2021	Authen success !	1
11:25:48 11-01-2021	Read camera document success !	1
11:25:48 11-01-2021	Read camera face success !	1
11:26:19 11-01-2021	Authen success !	1
11:26:22 11-01-2021	Read camera document success !	1
11:26:23 11-01-2021	Read camera face success !	1
11:26:45 11-01-2021	Authen success !	1
11:26:52 11-01-2021	Read camera document success !	1
11:26:54 11-01-2021	Read camera face success !	1
11:27:17 11-01-2021	Authen success !	1
11:27:20 11-01-2021	Read camera document success !	1
11:27:20 11-01-2021	Read camera face success !	1
11:27:44 11-01-2021	Authen success !	1
11:27:47 11-01-2021	Read camera document success !	1
11:27:48 11-01-2021	Read camera face success !	1
11:28:13 11-01-2021	Authen success !	1
11:28:25 11-01-2021	Read camera document success !	1
11:28:28 11-01-2021	Read camera face success !	1
11:28:52 11-01-2021	Authen success !	1
11:28:55 11-01-2021	Read camera document success !	1
11:28:56 11-01-2021	Read camera face success !	1
11:29:21 11-01-2021	Authen success !	1
11:29:26 11-01-2021	Read camera document success !	1
11:29:27 11-01-2021	Read camera face success !	1
11:29:55 11-01-2021	Authen success !	1
11:29:59 11-01-2021	Read camera document success !	1
11:29:59 11-01-2021	Read camera face success !	1
11:30:20 11-01-2021	Authen success !	1
11:30:22 11-01-2021	Read camera document success !	1
11:30:22 11-01-2021	Read camera face success !	1
11:30:50 11-01-2021	Authen success !	1
11:30:58 11-01-2021	Read camera document success !	1
11:30:59 11-01-2021	Read camera face success !	1
11:31:22 11-01-2021	Authen success !	1
11:31:25 11-01-2021	Read camera document success !	1
11:31:26 11-01-2021	Read camera face success !	1
11:31:47 11-01-2021	Authen success !	1
11:31:50 11-01-2021	Read camera document success !	1
11:31:50 11-01-2021	Read camera face success !	1
11:32:13 11-01-2021	Authen success !	1
11:32:15 11-01-2021	Read camera document success !	1
11:32:16 11-01-2021	Read camera face success !	1
11:32:46 11-01-2021	Authen success !	1
11:32:52 11-01-2021	Read camera document success !	1
11:32:54 11-01-2021	Read camera face success !	1
11:33:22 11-01-2021	Fail to connect to device !	0
11:33:45 11-01-2021	Authen success !	1
11:33:48 11-01-2021	Read camera document success !	1
11:33:48 11-01-2021	Read camera face success !	1
11:34:13 11-01-2021	Authen success !	1
11:34:16 11-01-2021	Read camera document success !	1
11:34:17 11-01-2021	Read camera face success !	1
11:34:37 11-01-2021	Authen success !	1
11:34:42 11-01-2021	Read camera document success !	1
11:34:44 11-01-2021	Read camera face success !	1
11:35:06 11-01-2021	Authen success !	1
11:35:12 11-01-2021	Read camera document success !	1
11:35:13 11-01-2021	Read camera face success !	1
11:35:40 11-01-2021	Authen success !	1
11:35:43 11-01-2021	Read camera document success !	1
11:35:43 11-01-2021	Read camera face success !	1
11:36:02 11-01-2021	Authen success !	1
11:36:05 11-01-2021	Read camera document success !	1
11:36:06 11-01-2021	Read camera face success !	1
11:36:30 11-01-2021	Authen success !	1
11:36:33 11-01-2021	Read camera document success !	1
11:36:34 11-01-2021	Read camera face success !	1
11:37:00 11-01-2021	Authen success !	1
11:37:02 11-01-2021	Read camera document success !	1
11:37:03 11-01-2021	Read camera face success !	1
11:37:25 11-01-2021	Authen success !	1
11:37:27 11-01-2021	Read camera document success !	1
11:37:27 11-01-2021	Read camera face success !	1
11:37:55 11-01-2021	Authen success !	1
11:37:57 11-01-2021	Read camera document success !	1
11:37:57 11-01-2021	Read camera face success !	1
11:38:18 11-01-2021	Authen success !	1
11:38:21 11-01-2021	Read camera document success !	1
11:38:22 11-01-2021	Read camera face success !	1
11:38:46 11-01-2021	Authen success !	1
11:38:49 11-01-2021	Read camera document success !	1
11:38:50 11-01-2021	Read camera face success !	1
11:39:05 11-01-2021	Authen success !	1
11:39:08 11-01-2021	Read camera document success !	1
11:39:09 11-01-2021	Read camera face success !	1
11:39:29 11-01-2021	Authen success !	1
11:39:32 11-01-2021	Read camera document success !	1
11:39:33 11-01-2021	Read camera face success !	1
11:39:59 11-01-2021	Authen success !	1
11:40:03 11-01-2021	Read camera document success !	1
11:40:04 11-01-2021	Read camera face success !	1
11:40:29 11-01-2021	Authen success !	1
11:40:32 11-01-2021	Read camera document success !	1
11:40:33 11-01-2021	Read camera face success !	1
11:41:01 11-01-2021	Fail to connect to device !	0
11:41:30 11-01-2021	Fail to connect to device !	0
11:41:57 11-01-2021	Authen success !	1
11:42:02 11-01-2021	Read camera document success !	1
11:42:02 11-01-2021	Read camera face success !	1
11:42:35 11-01-2021	Authen success !	1
11:42:42 11-01-2021	Read camera document success !	1
11:42:43 11-01-2021	Read camera face success !	1
11:43:00 11-01-2021	Authen success !	1
11:43:03 11-01-2021	Read camera document success !	1
11:43:03 11-01-2021	Read camera face success !	1
11:43:26 11-01-2021	Authen success !	1
11:43:29 11-01-2021	Read camera document success !	1
11:43:30 11-01-2021	Read camera face success !	1
11:43:57 11-01-2021	Fail to connect to device !	0
11:44:21 11-01-2021	Authen success !	1
11:44:26 11-01-2021	Read camera document success !	1
11:44:27 11-01-2021	Read camera face success !	1
11:44:46 11-01-2021	Authen success !	1
11:44:49 11-01-2021	Read camera document success !	1
11:44:51 11-01-2021	Read camera face success !	1
11:45:15 11-01-2021	Authen success !	1
11:45:18 11-01-2021	Read camera document success !	1
11:45:18 11-01-2021	Read camera face success !	1
11:45:43 11-01-2021	Authen success !	1
11:46:01 11-01-2021	Read camera document success !	1
11:46:02 11-01-2021	Read camera face success !	1
11:46:31 11-01-2021	Authen success !	1
11:46:35 11-01-2021	Read camera document success !	1
11:46:36 11-01-2021	Read camera face success !	1
11:46:59 11-01-2021	Authen success !	1
11:47:05 11-01-2021	Read camera document success !	1
11:47:06 11-01-2021	Read camera face success !	1
11:47:33 11-01-2021	Authen success !	1
11:47:43 11-01-2021	Read camera document success !	1
11:47:44 11-01-2021	Read camera face success !	1
11:48:14 11-01-2021	Authen success !	1
11:48:17 11-01-2021	Read camera document success !	1
11:48:18 11-01-2021	Read camera face success !	1
11:48:41 11-01-2021	Authen success !	1
11:48:43 11-01-2021	Read camera document success !	1
11:48:43 11-01-2021	Read camera face success !	1
11:49:09 11-01-2021	Fail to connect to device !	0
11:49:31 11-01-2021	Authen success !	1
11:49:33 11-01-2021	Read camera document success !	1
11:49:34 11-01-2021	Read camera face success !	1
11:49:59 11-01-2021	Authen success !	1
11:50:02 11-01-2021	Read camera document success !	1
11:50:02 11-01-2021	Read camera face success !	1
11:50:29 11-01-2021	Authen success !	1
11:50:32 11-01-2021	Read camera document success !	1
11:50:33 11-01-2021	Read camera face success !	1
11:50:59 11-01-2021	Authen success !	1
11:51:01 11-01-2021	Read camera document success !	1
11:51:01 11-01-2021	Read camera face success !	1
11:51:24 11-01-2021	Authen success !	1
11:51:27 11-01-2021	Read camera document success !	1
11:51:27 11-01-2021	Read camera face success !	1
11:51:45 11-01-2021	Authen success !	1
11:51:47 11-01-2021	Read camera document success !	1
11:51:48 11-01-2021	Read camera face success !	1
11:52:07 11-01-2021	Authen success !	1
11:52:09 11-01-2021	Read camera document success !	1
11:52:09 11-01-2021	Read camera face success !	1
11:52:33 11-01-2021	Authen success !	1
11:52:35 11-01-2021	Read camera document success !	1
11:52:36 11-01-2021	Read camera face success !	1
11:53:00 11-01-2021	Authen success !	1
11:53:03 11-01-2021	Read camera document success !	1
11:53:04 11-01-2021	Read camera face success !	1
11:53:26 11-01-2021	Authen success !	1
11:53:28 11-01-2021	Read camera document success !	1
11:53:29 11-01-2021	Read camera face success !	1
11:53:48 11-01-2021	Authen success !	1
11:53:52 11-01-2021	Read camera document success !	1
11:53:53 11-01-2021	Read camera face success !	1
11:54:16 11-01-2021	Authen success !	1
11:54:22 11-01-2021	Read camera document success !	1
11:54:23 11-01-2021	Read camera face success !	1
11:54:46 11-01-2021	Authen success !	1
11:54:48 11-01-2021	Read camera document success !	1
11:54:49 11-01-2021	Read camera face success !	1
11:55:09 11-01-2021	Authen success !	1
11:55:12 11-01-2021	Read camera document success !	1
11:55:13 11-01-2021	Read camera face success !	1
11:55:34 11-01-2021	Authen success !	1
11:55:38 11-01-2021	Read camera document success !	1
11:55:38 11-01-2021	Read camera face success !	1
11:56:04 11-01-2021	Authen success !	1
11:56:07 11-01-2021	Read camera document success !	1
11:56:07 11-01-2021	Read camera face success !	1
11:56:36 11-01-2021	Authen success !	1
11:56:38 11-01-2021	Read camera document success !	1
11:56:39 11-01-2021	Read camera face success !	1
11:57:05 11-01-2021	Authen success !	1
11:57:07 11-01-2021	Read camera document success !	1
11:57:07 11-01-2021	Read camera face success !	1
11:57:34 11-01-2021	Authen success !	1
11:57:36 11-01-2021	Read camera document success !	1
11:57:37 11-01-2021	Read camera face success !	1
11:58:04 11-01-2021	Fail to connect to device !	0
11:58:26 11-01-2021	Authen success !	1
11:58:28 11-01-2021	Read camera document success !	1
11:58:29 11-01-2021	Read camera face success !	1
11:58:49 11-01-2021	Authen success !	1
11:58:52 11-01-2021	Read camera document success !	1
11:58:53 11-01-2021	Read camera face success !	1
11:59:10 11-01-2021	Authen success !	1
11:59:12 11-01-2021	Read camera document success !	1
11:59:12 11-01-2021	Read camera face success !	1
11:59:36 11-01-2021	Fail to connect to device !	0
12:00:05 11-01-2021	Authen success !	1
12:00:08 11-01-2021	Read camera document success !	1
12:00:09 11-01-2021	Read camera face success !	1
12:00:40 11-01-2021	Authen success !	1
12:00:42 11-01-2021	Read camera document success !	1
12:00:42 11-01-2021	Read camera face success !	1
12:01:02 11-01-2021	Authen success !	1
12:01:06 11-01-2021	Read camera document success !	1
12:01:07 11-01-2021	Read camera face success !	1
12:01:32 11-01-2021	Authen success !	1
12:01:35 11-01-2021	Read camera document success !	1
12:01:35 11-01-2021	Read camera face success !	1
12:01:58 11-01-2021	Authen success !	1
12:02:01 11-01-2021	Read camera document success !	1
12:02:01 11-01-2021	Read camera face success !	1
12:02:25 11-01-2021	Authen success !	1
12:02:27 11-01-2021	Read camera document success !	1
12:02:27 11-01-2021	Read camera face success !	1
12:02:43 11-01-2021	Authen success !	1
12:02:44 11-01-2021	Read camera document success !	1
12:02:45 11-01-2021	Read camera face success !	1
12:03:11 11-01-2021	Authen success !	1
12:03:13 11-01-2021	Read camera document success !	1
12:03:14 11-01-2021	Read camera face success !	1
12:03:39 11-01-2021	Authen success !	1
12:03:42 11-01-2021	Read camera document success !	1
12:03:42 11-01-2021	Read camera face success !	1
12:04:04 11-01-2021	Authen success !	1
12:04:06 11-01-2021	Read camera document success !	1
12:04:06 11-01-2021	Read camera face success !	1
12:04:31 11-01-2021	Authen success !	1
12:04:33 11-01-2021	Read camera document success !	1
12:04:33 11-01-2021	Read camera face success !	1
12:05:00 11-01-2021	Authen success !	1
12:05:02 11-01-2021	Read camera document success !	1
12:05:02 11-01-2021	Read camera face success !	1
12:05:25 11-01-2021	Authen success !	1
12:05:26 11-01-2021	Read camera document success !	1
12:05:27 11-01-2021	Read camera face success !	1
12:05:52 11-01-2021	Authen success !	1
12:05:54 11-01-2021	Read camera document success !	1
12:05:54 11-01-2021	Read camera face success !	1
12:06:19 11-01-2021	Authen success !	1
12:06:21 11-01-2021	Read camera document success !	1
12:06:21 11-01-2021	Read camera face success !	1
12:06:42 11-01-2021	Authen success !	1
12:06:44 11-01-2021	Read camera document success !	1
12:06:44 11-01-2021	Read camera face success !	1
12:07:12 11-01-2021	Authen success !	1
12:07:14 11-01-2021	Read camera document success !	1
12:07:14 11-01-2021	Read camera face success !	1
12:07:42 11-01-2021	Authen success !	1
12:07:44 11-01-2021	Read camera document success !	1
12:07:44 11-01-2021	Read camera face success !	1
12:08:09 11-01-2021	Authen success !	1
12:08:11 11-01-2021	Read camera document success !	1
12:08:12 11-01-2021	Read camera face success !	1
12:08:37 11-01-2021	Authen success !	1
12:08:39 11-01-2021	Read camera document success !	1
12:08:39 11-01-2021	Read camera face success !	1
12:09:09 11-01-2021	Authen success !	1
12:09:11 11-01-2021	Read camera document success !	1
12:09:11 11-01-2021	Read camera face success !	1
12:09:36 11-01-2021	Authen success !	1
12:09:38 11-01-2021	Read camera document success !	1
12:09:38 11-01-2021	Read camera face success !	1
12:10:05 11-01-2021	Authen success !	1
12:10:07 11-01-2021	Read camera document success !	1
12:10:07 11-01-2021	Read camera face success !	1
12:10:28 11-01-2021	Authen success !	1
12:10:30 11-01-2021	Read camera document success !	1
12:10:30 11-01-2021	Read camera face success !	1
12:10:57 11-01-2021	Authen success !	1
12:10:59 11-01-2021	Read camera document success !	1
12:11:00 11-01-2021	Read camera face success !	1
12:11:22 11-01-2021	Fail to connect to device !	0
12:11:51 11-01-2021	Authen success !	1
12:11:53 11-01-2021	Read camera document success !	1
12:11:53 11-01-2021	Read camera face success !	1
12:12:18 11-01-2021	Authen success !	1
12:12:20 11-01-2021	Read camera document success !	1
12:12:20 11-01-2021	Read camera face success !	1
12:12:45 11-01-2021	Authen success !	1
12:12:47 11-01-2021	Read camera document success !	1
12:12:47 11-01-2021	Read camera face success !	1
12:13:10 11-01-2021	Authen success !	1
12:13:12 11-01-2021	Read camera document success !	1
12:13:12 11-01-2021	Read camera face success !	1
12:13:37 11-01-2021	Authen success !	1
12:13:39 11-01-2021	Read camera document success !	1
12:13:39 11-01-2021	Read camera face success !	1
12:14:06 11-01-2021	Authen success !	1
12:14:07 11-01-2021	Read camera document success !	1
12:14:07 11-01-2021	Read camera face success !	1
12:14:31 11-01-2021	Authen success !	1
12:14:33 11-01-2021	Read camera document success !	1
12:14:33 11-01-2021	Read camera face success !	1
12:14:57 11-01-2021	Authen success !	1
12:14:59 11-01-2021	Read camera document success !	1
12:14:59 11-01-2021	Read camera face success !	1
12:15:21 11-01-2021	Authen success !	1
12:15:23 11-01-2021	Read camera document success !	1
12:15:23 11-01-2021	Read camera face success !	1
12:15:46 11-01-2021	Authen success !	1
12:15:47 11-01-2021	Read camera document success !	1
12:15:48 11-01-2021	Read camera face success !	1
12:16:13 11-01-2021	Authen success !	1
12:16:15 11-01-2021	Read camera document success !	1
12:16:15 11-01-2021	Read camera face success !	1
12:16:38 11-01-2021	Fail to connect to device !	0
12:17:03 11-01-2021	Authen success !	1
12:17:05 11-01-2021	Read camera document success !	1
12:17:06 11-01-2021	Read camera face success !	1
12:17:34 11-01-2021	Authen success !	1
12:17:36 11-01-2021	Read camera document success !	1
12:17:37 11-01-2021	Read camera face success !	1
12:18:00 11-01-2021	Authen success !	1
12:18:01 11-01-2021	Read camera document success !	1
12:18:02 11-01-2021	Read camera face success !	1
12:18:26 11-01-2021	Authen success !	1
12:18:27 11-01-2021	Read camera document success !	1
12:18:28 11-01-2021	Read camera face success !	1
12:18:54 11-01-2021	Authen success !	1
12:18:55 11-01-2021	Read camera document success !	1
12:18:56 11-01-2021	Read camera face success !	1
12:19:24 11-01-2021	Authen success !	1
12:19:26 11-01-2021	Read camera document success !	1
12:19:26 11-01-2021	Read camera face success !	1
12:19:54 11-01-2021	Authen success !	1
12:19:56 11-01-2021	Read camera document success !	1
12:19:56 11-01-2021	Read camera face success !	1
12:20:26 11-01-2021	Authen success !	1
12:20:27 11-01-2021	Read camera document success !	1
12:20:28 11-01-2021	Read camera face success !	1
12:21:06 11-01-2021	Authen success !	1
12:21:08 11-01-2021	Read camera document success !	1
12:21:08 11-01-2021	Read camera face success !	1
12:21:33 11-01-2021	Authen success !	1
12:21:35 11-01-2021	Read camera document success !	1
12:21:35 11-01-2021	Read camera face success !	1
12:22:04 11-01-2021	Authen success !	1
12:22:06 11-01-2021	Read camera document success !	1
12:22:06 11-01-2021	Read camera face success !	1
12:22:36 11-01-2021	Authen success !	1
12:22:38 11-01-2021	Read camera document success !	1
12:22:38 11-01-2021	Read camera face success !	1
12:23:03 11-01-2021	Authen success !	1
12:23:05 11-01-2021	Read camera document success !	1
12:23:05 11-01-2021	Read camera face success !	1
12:23:30 11-01-2021	Authen success !	1
12:23:32 11-01-2021	Read camera document success !	1
12:23:32 11-01-2021	Read camera face success !	1
12:23:55 11-01-2021	Authen success !	1
12:23:56 11-01-2021	Read camera document success !	1
12:23:57 11-01-2021	Read camera face success !	1
12:24:21 11-01-2021	Authen success !	1
12:24:23 11-01-2021	Read camera document success !	1
12:24:23 11-01-2021	Read camera face success !	1
12:24:48 11-01-2021	Authen success !	1
12:24:50 11-01-2021	Read camera document success !	1
12:24:50 11-01-2021	Read camera face success !	1
12:25:14 11-01-2021	Authen success !	1
12:25:16 11-01-2021	Read camera document success !	1
12:25:16 11-01-2021	Read camera face success !	1
12:25:41 11-01-2021	Authen success !	1
12:25:42 11-01-2021	Read camera document success !	1
12:25:43 11-01-2021	Read camera face success !	1
12:26:05 11-01-2021	Authen success !	1
12:26:07 11-01-2021	Read camera document success !	1
12:26:07 11-01-2021	Read camera face success !	1
12:26:30 11-01-2021	Authen success !	1
12:26:32 11-01-2021	Read camera document success !	1
12:26:32 11-01-2021	Read camera face success !	1
12:26:55 11-01-2021	Authen success !	1
12:26:57 11-01-2021	Read camera document success !	1
12:26:57 11-01-2021	Read camera face success !	1
12:27:24 11-01-2021	Authen success !	1
12:27:25 11-01-2021	Read camera document success !	1
12:27:26 11-01-2021	Read camera face success !	1
12:27:55 11-01-2021	Authen success !	1
12:27:57 11-01-2021	Read camera document success !	1
12:27:57 11-01-2021	Read camera face success !	1
12:28:25 11-01-2021	Authen success !	1
12:28:27 11-01-2021	Read camera document success !	1
12:28:27 11-01-2021	Read camera face success !	1
12:28:48 11-01-2021	Authen success !	1
12:28:49 11-01-2021	Read camera document success !	1
12:28:49 11-01-2021	Read camera face success !	1
12:29:14 11-01-2021	Authen success !	1
12:29:15 11-01-2021	Read camera document success !	1
12:29:16 11-01-2021	Read camera face success !	1
12:29:38 11-01-2021	Authen success !	1
12:29:39 11-01-2021	Read camera document success !	1
12:29:40 11-01-2021	Read camera face success !	1
12:30:00 11-01-2021	Authen success !	1
12:30:02 11-01-2021	Read camera document success !	1
12:30:02 11-01-2021	Read camera face success !	1
12:30:32 11-01-2021	Authen success !	1
12:30:34 11-01-2021	Read camera document success !	1
12:30:34 11-01-2021	Read camera face success !	1
12:30:57 11-01-2021	Authen success !	1
12:30:59 11-01-2021	Read camera document success !	1
12:30:59 11-01-2021	Read camera face success !	1
12:31:22 11-01-2021	Authen success !	1
12:31:24 11-01-2021	Read camera document success !	1
12:31:24 11-01-2021	Read camera face success !	1
12:32:03 11-01-2021	Authen success !	1
12:32:04 11-01-2021	Read camera document success !	1
12:32:04 11-01-2021	Read camera face success !	1
12:32:30 11-01-2021	Authen success !	1
12:32:32 11-01-2021	Read camera document success !	1
12:32:32 11-01-2021	Read camera face success !	1
12:32:57 11-01-2021	Authen success !	1
12:33:00 11-01-2021	Read camera document success !	1
12:33:01 11-01-2021	Read camera face success !	1
12:33:22 11-01-2021	Authen success !	1
12:33:25 11-01-2021	Read camera document success !	1
12:33:26 11-01-2021	Read camera face success !	1
12:33:52 11-01-2021	Authen success !	1
12:33:55 11-01-2021	Read camera document success !	1
12:33:55 11-01-2021	Read camera face success !	1
12:34:18 11-01-2021	Authen success !	1
12:34:20 11-01-2021	Read camera document success !	1
12:34:21 11-01-2021	Read camera face success !	1
12:34:46 11-01-2021	Authen success !	1
12:34:49 11-01-2021	Read camera document success !	1
12:34:49 11-01-2021	Read camera face success !	1
12:35:15 11-01-2021	Authen success !	1
12:35:18 11-01-2021	Read camera document success !	1
12:35:19 11-01-2021	Read camera face success !	1
12:35:48 11-01-2021	Authen success !	1
12:35:50 11-01-2021	Read camera document success !	1
12:35:51 11-01-2021	Read camera face success !	1
12:36:15 11-01-2021	Authen success !	1
12:36:17 11-01-2021	Read camera document success !	1
12:36:17 11-01-2021	Read camera face success !	1
12:36:48 11-01-2021	Authen success !	1
12:36:50 11-01-2021	Read camera document success !	1
12:36:50 11-01-2021	Read camera face success !	1
12:37:12 11-01-2021	Authen success !	1
12:37:13 11-01-2021	Read camera document success !	1
12:37:14 11-01-2021	Read camera face success !	1
12:37:44 11-01-2021	Authen success !	1
12:37:45 11-01-2021	Read camera document success !	1
12:37:46 11-01-2021	Read camera face success !	1
12:38:08 11-01-2021	Authen success !	1
12:38:09 11-01-2021	Read camera document success !	1
12:38:09 11-01-2021	Read camera face success !	1
12:38:33 11-01-2021	Authen success !	1
12:38:35 11-01-2021	Read camera document success !	1
12:38:35 11-01-2021	Read camera face success !	1
12:39:04 11-01-2021	Authen success !	1
12:39:05 11-01-2021	Read camera document success !	1
12:39:06 11-01-2021	Read camera face success !	1
12:39:27 11-01-2021	Authen success !	1
12:39:28 11-01-2021	Read camera document success !	1
12:39:28 11-01-2021	Read camera face success !	1
12:39:58 11-01-2021	Authen success !	1
12:39:59 11-01-2021	Read camera document success !	1
12:39:59 11-01-2021	Read camera face success !	1
12:40:28 11-01-2021	Authen success !	1
12:40:28 11-01-2021	Read camera document success !	1
12:40:29 11-01-2021	Read camera face success !	1
12:40:47 11-01-2021	Authen success !	1
12:40:47 11-01-2021	Read camera document success !	1
12:40:48 11-01-2021	Read camera face success !	1
12:41:06 11-01-2021	Authen success !	1
12:41:06 11-01-2021	Read camera document success !	1
12:41:07 11-01-2021	Read camera face success !	1
12:41:27 11-01-2021	Fail to connect to device !	0
12:41:53 11-01-2021	Authen success !	1
12:41:53 11-01-2021	Read camera document success !	1
12:41:54 11-01-2021	Read camera face success !	1
12:42:16 11-01-2021	Authen success !	1
12:42:16 11-01-2021	Read camera document success !	1
12:42:17 11-01-2021	Read camera face success !	1
12:42:43 11-01-2021	Authen success !	1
12:42:43 11-01-2021	Read camera document success !	1
12:42:44 11-01-2021	Read camera face success !	1
12:42:57 11-01-2021	Authen success !	1
12:42:57 11-01-2021	Read camera document success !	1
12:42:58 11-01-2021	Read camera face success !	1
12:43:25 11-01-2021	Authen success !	1
12:43:25 11-01-2021	Read camera document success !	1
12:43:26 11-01-2021	Read camera face success !	1
12:43:53 11-01-2021	Authen success !	1
12:43:54 11-01-2021	Read camera document success !	1
12:43:54 11-01-2021	Read camera face success !	1
12:44:14 11-01-2021	Authen success !	1
12:44:14 11-01-2021	Read camera document success !	1
12:44:14 11-01-2021	Read camera face success !	1
12:44:36 11-01-2021	Authen success !	1
12:44:36 11-01-2021	Read camera document success !	1
12:44:36 11-01-2021	Read camera face success !	1
12:45:00 11-01-2021	Authen success !	1
12:45:00 11-01-2021	Read camera document success !	1
12:45:01 11-01-2021	Read camera face success !	1
12:45:31 11-01-2021	Authen success !	1
12:45:32 11-01-2021	Read camera document success !	1
12:45:32 11-01-2021	Read camera face success !	1
12:45:54 11-01-2021	Authen success !	1
12:45:55 11-01-2021	Read camera document success !	1
12:45:55 11-01-2021	Read camera face success !	1
12:46:22 11-01-2021	Authen success !	1
12:46:22 11-01-2021	Read camera document success !	1
12:46:23 11-01-2021	Read camera face success !	1
12:46:50 11-01-2021	Authen success !	1
12:46:50 11-01-2021	Read camera document success !	1
12:46:51 11-01-2021	Read camera face success !	1
12:47:13 11-01-2021	Authen success !	1
12:47:13 11-01-2021	Read camera document success !	1
12:47:14 11-01-2021	Read camera face success !	1
12:47:33 11-01-2021	Authen success !	1
12:47:33 11-01-2021	Read camera document success !	1
12:47:34 11-01-2021	Read camera face success !	1
12:47:54 11-01-2021	Authen success !	1
12:47:54 11-01-2021	Read camera document success !	1
12:47:55 11-01-2021	Read camera face success !	1
12:48:20 11-01-2021	Authen success !	1
12:48:20 11-01-2021	Read camera document success !	1
12:48:21 11-01-2021	Read camera face success !	1
12:48:44 11-01-2021	Authen success !	1
12:48:44 11-01-2021	Read camera document success !	1
12:48:45 11-01-2021	Read camera face success !	1
12:49:13 11-01-2021	Authen success !	1
12:49:13 11-01-2021	Read camera document success !	1
12:49:14 11-01-2021	Read camera face success !	1
12:49:38 11-01-2021	Authen success !	1
12:49:39 11-01-2021	Read camera document success !	1
12:49:39 11-01-2021	Read camera face success !	1
12:50:04 11-01-2021	Authen success !	1
12:50:04 11-01-2021	Read camera document success !	1
12:50:04 11-01-2021	Read camera face success !	1
12:50:27 11-01-2021	Authen success !	1
12:50:28 11-01-2021	Read camera document success !	1
12:50:28 11-01-2021	Read camera face success !	1
12:50:51 11-01-2021	Authen success !	1
12:50:52 11-01-2021	Read camera document success !	1
12:50:52 11-01-2021	Read camera face success !	1
12:51:21 11-01-2021	Authen success !	1
12:51:21 11-01-2021	Read camera document success !	1
12:51:21 11-01-2021	Read camera face success !	1
12:51:49 11-01-2021	Authen success !	1
12:51:50 11-01-2021	Read camera document success !	1
12:51:50 11-01-2021	Read camera face success !	1
12:52:09 11-01-2021	Authen success !	1
12:52:10 11-01-2021	Read camera document success !	1
12:52:10 11-01-2021	Read camera face success !	1
12:52:33 11-01-2021	Authen success !	1
12:52:34 11-01-2021	Read camera document success !	1
12:52:34 11-01-2021	Read camera face success !	1
12:52:57 11-01-2021	Authen success !	1
12:52:58 11-01-2021	Read camera document success !	1
12:52:58 11-01-2021	Read camera face success !	1
12:53:17 11-01-2021	Authen success !	1
12:53:18 11-01-2021	Read camera document success !	1
12:53:18 11-01-2021	Read camera face success !	1
12:53:41 11-01-2021	Authen success !	1
12:53:41 11-01-2021	Read camera document success !	1
12:53:42 11-01-2021	Read camera face success !	1
12:54:03 11-01-2021	Authen success !	1
12:54:04 11-01-2021	Read camera document success !	1
12:54:04 11-01-2021	Read camera face success !	1
12:54:28 11-01-2021	Authen success !	1
12:54:29 11-01-2021	Read camera document success !	1
12:54:29 11-01-2021	Read camera face success !	1
12:54:53 11-01-2021	Authen success !	1
12:54:54 11-01-2021	Read camera document success !	1
12:54:54 11-01-2021	Read camera face success !	1
12:55:17 11-01-2021	Authen success !	1
12:55:17 11-01-2021	Read camera document success !	1
12:55:18 11-01-2021	Read camera face success !	1
12:55:41 11-01-2021	Authen success !	1
12:55:42 11-01-2021	Read camera document success !	1
12:55:42 11-01-2021	Read camera face success !	1
12:56:00 11-01-2021	Authen success !	1
12:56:00 11-01-2021	Read camera document success !	1
12:56:01 11-01-2021	Read camera face success !	1
12:56:25 11-01-2021	Authen success !	1
12:56:25 11-01-2021	Read camera document success !	1
12:56:26 11-01-2021	Read camera face success !	1
12:56:51 11-01-2021	Authen success !	1
12:56:52 11-01-2021	Read camera document success !	1
12:56:52 11-01-2021	Read camera face success !	1
12:57:14 11-01-2021	Authen success !	1
12:57:14 11-01-2021	Read camera document success !	1
12:57:14 11-01-2021	Read camera face success !	1
12:57:35 11-01-2021	Authen success !	1
12:57:35 11-01-2021	Read camera document success !	1
12:57:36 11-01-2021	Read camera face success !	1
12:58:00 11-01-2021	Authen success !	1
12:58:01 11-01-2021	Read camera document success !	1
12:58:01 11-01-2021	Read camera face success !	1
12:58:26 11-01-2021	Authen success !	1
12:58:26 11-01-2021	Read camera document success !	1
12:58:26 11-01-2021	Read camera face success !	1
12:58:51 11-01-2021	Authen success !	1
12:58:51 11-01-2021	Read camera document success !	1
12:58:52 11-01-2021	Read camera face success !	1
12:59:13 11-01-2021	Authen success !	1
12:59:14 11-01-2021	Read camera document success !	1
12:59:14 11-01-2021	Read camera face success !	1
12:59:38 11-01-2021	Authen success !	1
12:59:39 11-01-2021	Read camera document success !	1
12:59:39 11-01-2021	Read camera face success !	1
13:00:05 11-01-2021	Authen success !	1
13:00:05 11-01-2021	Read camera document success !	1
13:00:06 11-01-2021	Read camera face success !	1
13:00:31 11-01-2021	Authen success !	1
13:00:32 11-01-2021	Read camera document success !	1
13:00:33 11-01-2021	Read camera face success !	1
13:00:57 11-01-2021	Authen success !	1
13:00:58 11-01-2021	Read camera document success !	1
13:00:59 11-01-2021	Read camera face success !	1
13:01:24 11-01-2021	Authen success !	1
13:01:26 11-01-2021	Read camera document success !	1
13:01:26 11-01-2021	Read camera face success !	1
13:01:53 11-01-2021	Authen success !	1
13:01:54 11-01-2021	Read camera document success !	1
13:01:54 11-01-2021	Read camera face success !	1
13:02:17 11-01-2021	Authen success !	1
13:02:18 11-01-2021	Read camera document success !	1
13:02:19 11-01-2021	Read camera face success !	1
13:02:44 11-01-2021	Authen success !	1
13:02:46 11-01-2021	Read camera document success !	1
13:02:46 11-01-2021	Read camera face success !	1
13:03:10 11-01-2021	Authen success !	1
13:03:12 11-01-2021	Read camera document success !	1
13:03:12 11-01-2021	Read camera face success !	1
13:03:35 11-01-2021	Authen success !	1
13:03:37 11-01-2021	Read camera document success !	1
13:03:37 11-01-2021	Read camera face success !	1
13:04:04 11-01-2021	Authen success !	1
13:04:05 11-01-2021	Read camera document success !	1
13:04:05 11-01-2021	Read camera face success !	1
13:04:29 11-01-2021	Authen success !	1
13:04:30 11-01-2021	Read camera document success !	1
13:04:31 11-01-2021	Read camera face success !	1
13:04:55 11-01-2021	Authen success !	1
13:04:57 11-01-2021	Read camera document success !	1
13:04:57 11-01-2021	Read camera face success !	1
13:05:21 11-01-2021	Authen success !	1
13:05:22 11-01-2021	Read camera document success !	1
13:05:23 11-01-2021	Read camera face success !	1
13:05:43 11-01-2021	Authen success !	1
13:05:44 11-01-2021	Read camera document success !	1
13:05:45 11-01-2021	Read camera face success !	1
13:06:13 11-01-2021	Authen success !	1
13:06:14 11-01-2021	Read camera document success !	1
13:06:14 11-01-2021	Read camera face success !	1
13:06:35 11-01-2021	Authen success !	1
13:06:36 11-01-2021	Read camera document success !	1
13:06:37 11-01-2021	Read camera face success !	1
13:06:59 11-01-2021	Authen success !	1
13:07:01 11-01-2021	Read camera document success !	1
13:07:01 11-01-2021	Read camera face success !	1
13:07:24 11-01-2021	Authen success !	1
13:07:25 11-01-2021	Read camera document success !	1
13:07:26 11-01-2021	Read camera face success !	1
13:07:49 11-01-2021	Authen success !	1
13:07:51 11-01-2021	Read camera document success !	1
13:07:51 11-01-2021	Read camera face success !	1
13:08:16 11-01-2021	Authen success !	1
13:08:19 11-01-2021	Read camera document success !	1
13:08:20 11-01-2021	Read camera face success !	1
13:08:39 11-01-2021	Authen success !	1
13:08:43 11-01-2021	Read camera document success !	1
13:08:44 11-01-2021	Read camera face success !	1
13:09:08 11-01-2021	Authen success !	1
13:09:09 11-01-2021	Read camera document success !	1
13:09:10 11-01-2021	Read camera face success !	1
13:09:34 11-01-2021	Authen success !	1
13:09:37 11-01-2021	Read camera document success !	1
13:09:37 11-01-2021	Read camera face success !	1
13:10:00 11-01-2021	Authen success !	1
13:10:02 11-01-2021	Read camera document success !	1
13:10:03 11-01-2021	Read camera face success !	1
13:10:26 11-01-2021	Authen success !	1
13:10:28 11-01-2021	Read camera document success !	1
13:10:28 11-01-2021	Read camera face success !	1
13:11:03 11-01-2021	Authen success !	1
13:11:04 11-01-2021	Read camera document success !	1
13:11:05 11-01-2021	Read camera face success !	1
13:11:33 11-01-2021	Authen success !	1
13:11:35 11-01-2021	Read camera document success !	1
13:11:35 11-01-2021	Read camera face success !	1
13:12:05 11-01-2021	Authen success !	1
13:12:07 11-01-2021	Read camera document success !	1
13:12:07 11-01-2021	Read camera face success !	1
13:12:32 11-01-2021	Authen success !	1
13:12:33 11-01-2021	Read camera document success !	1
13:12:33 11-01-2021	Read camera face success !	1
13:12:55 11-01-2021	Authen success !	1
13:12:56 11-01-2021	Read camera document success !	1
13:12:57 11-01-2021	Read camera face success !	1
13:13:20 11-01-2021	Authen success !	1
13:13:21 11-01-2021	Read camera document success !	1
13:13:22 11-01-2021	Read camera face success !	1
13:13:41 11-01-2021	Authen success !	1
13:13:43 11-01-2021	Read camera document success !	1
13:13:43 11-01-2021	Read camera face success !	1
13:14:08 11-01-2021	Authen success !	1
13:14:10 11-01-2021	Read camera document success !	1
13:14:11 11-01-2021	Read camera face success !	1
13:14:35 11-01-2021	Authen success !	1
13:14:36 11-01-2021	Read camera document success !	1
13:14:37 11-01-2021	Read camera face success !	1
13:14:59 11-01-2021	Authen success !	1
13:15:01 11-01-2021	Read camera document success !	1
13:15:01 11-01-2021	Read camera face success !	1
13:15:28 11-01-2021	Authen success !	1
13:15:30 11-01-2021	Read camera document success !	1
13:15:30 11-01-2021	Read camera face success !	1
13:15:55 11-01-2021	Authen success !	1
13:15:57 11-01-2021	Read camera document success !	1
13:15:57 11-01-2021	Read camera face success !	1
13:16:20 11-01-2021	Authen success !	1
13:16:21 11-01-2021	Read camera document success !	1
13:16:22 11-01-2021	Read camera face success !	1
13:16:47 11-01-2021	Authen success !	1
13:16:48 11-01-2021	Read camera document success !	1
13:16:49 11-01-2021	Read camera face success !	1
13:17:08 11-01-2021	Authen success !	1
13:17:09 11-01-2021	Read camera document success !	1
13:17:09 11-01-2021	Read camera face success !	1
13:17:27 11-01-2021	Authen success !	1
13:17:29 11-01-2021	Read camera document success !	1
13:17:29 11-01-2021	Read camera face success !	1
13:17:49 11-01-2021	Authen success !	1
13:17:51 11-01-2021	Read camera document success !	1
13:17:51 11-01-2021	Read camera face success !	1
13:18:16 11-01-2021	Authen success !	1
13:18:18 11-01-2021	Read camera document success !	1
13:18:18 11-01-2021	Read camera face success !	1
13:18:40 11-01-2021	Authen success !	1
13:18:42 11-01-2021	Read camera document success !	1
13:18:42 11-01-2021	Read camera face success !	1
13:19:04 11-01-2021	Authen success !	1
13:19:06 11-01-2021	Read camera document success !	1
13:19:06 11-01-2021	Read camera face success !	1
13:19:29 11-01-2021	Authen success !	1
13:19:30 11-01-2021	Read camera document success !	1
13:19:30 11-01-2021	Read camera face success !	1
13:19:53 11-01-2021	Authen success !	1
13:19:55 11-01-2021	Read camera document success !	1
13:19:55 11-01-2021	Read camera face success !	1
13:20:21 11-01-2021	Authen success !	1
13:20:22 11-01-2021	Read camera document success !	1
13:20:23 11-01-2021	Read camera face success !	1
13:20:49 11-01-2021	Authen success !	1
13:20:51 11-01-2021	Read camera document success !	1
13:20:51 11-01-2021	Read camera face success !	1
13:21:13 11-01-2021	Authen success !	1
13:21:14 11-01-2021	Read camera document success !	1
13:21:15 11-01-2021	Read camera face success !	1
13:21:41 11-01-2021	Authen success !	1
13:21:43 11-01-2021	Read camera document success !	1
13:21:43 11-01-2021	Read camera face success !	1
13:22:09 11-01-2021	Authen success !	1
13:22:10 11-01-2021	Read camera document success !	1
13:22:10 11-01-2021	Read camera face success !	1
13:22:37 11-01-2021	Authen success !	1
13:22:38 11-01-2021	Read camera document success !	1
13:22:39 11-01-2021	Read camera face success !	1
13:23:04 11-01-2021	Authen success !	1
13:23:05 11-01-2021	Read camera document success !	1
13:23:06 11-01-2021	Read camera face success !	1
13:23:24 11-01-2021	Authen success !	1
13:23:26 11-01-2021	Read camera document success !	1
13:23:26 11-01-2021	Read camera face success !	1
13:23:50 11-01-2021	Authen success !	1
13:23:52 11-01-2021	Read camera document success !	1
13:23:52 11-01-2021	Read camera face success !	1
13:24:11 11-01-2021	Authen success !	1
13:24:12 11-01-2021	Read camera document success !	1
13:24:13 11-01-2021	Read camera face success !	1
13:24:38 11-01-2021	Authen success !	1
13:24:39 11-01-2021	Read camera document success !	1
13:24:40 11-01-2021	Read camera face success !	1
13:24:58 11-01-2021	Authen success !	1
13:25:00 11-01-2021	Read camera document success !	1
13:25:00 11-01-2021	Read camera face success !	1
13:25:24 11-01-2021	Authen success !	1
13:25:26 11-01-2021	Read camera document success !	1
13:25:26 11-01-2021	Read camera face success !	1
13:25:54 11-01-2021	Authen success !	1
13:25:55 11-01-2021	Read camera document success !	1
13:25:55 11-01-2021	Read camera face success !	1
13:26:16 11-01-2021	Authen success !	1
13:26:17 11-01-2021	Read camera document success !	1
13:26:17 11-01-2021	Read camera face success !	1
13:26:40 11-01-2021	Authen success !	1
13:26:41 11-01-2021	Read camera document success !	1
13:26:42 11-01-2021	Read camera face success !	1
13:27:03 11-01-2021	Authen success !	1
13:27:04 11-01-2021	Read camera document success !	1
13:27:05 11-01-2021	Read camera face success !	1
13:27:32 11-01-2021	Authen success !	1
13:27:33 11-01-2021	Read camera document success !	1
13:27:33 11-01-2021	Read camera face success !	1
13:27:57 11-01-2021	Authen success !	1
13:27:59 11-01-2021	Read camera document success !	1
13:27:59 11-01-2021	Read camera face success !	1
13:28:22 11-01-2021	Authen success !	1
13:28:24 11-01-2021	Read camera document success !	1
13:28:24 11-01-2021	Read camera face success !	1
13:28:51 11-01-2021	Authen success !	1
13:28:52 11-01-2021	Read camera document success !	1
13:28:52 11-01-2021	Read camera face success !	1
13:29:21 11-01-2021	Authen success !	1
13:29:23 11-01-2021	Read camera document success !	1
13:29:23 11-01-2021	Read camera face success !	1
13:29:56 11-01-2021	Authen success !	1
13:29:57 11-01-2021	Read camera document success !	1
13:29:58 11-01-2021	Read camera face success !	1
13:30:19 11-01-2021	Authen success !	1
13:30:20 11-01-2021	Read camera document success !	1
13:30:21 11-01-2021	Read camera face success !	1
13:30:44 11-01-2021	Authen success !	1
13:30:45 11-01-2021	Read camera document success !	1
13:30:45 11-01-2021	Read camera face success !	1
13:31:20 11-01-2021	Authen success !	1
13:31:22 11-01-2021	Read camera document success !	1
13:31:22 11-01-2021	Read camera face success !	1
13:31:45 11-01-2021	Authen success !	1
13:31:47 11-01-2021	Read camera document success !	1
13:31:47 11-01-2021	Read camera face success !	1
13:32:12 11-01-2021	Authen success !	1
13:32:13 11-01-2021	Read camera document success !	1
13:32:14 11-01-2021	Read camera face success !	1
13:32:43 11-01-2021	Authen success !	1
13:32:45 11-01-2021	Read camera document success !	1
13:32:45 11-01-2021	Read camera face success !	1
13:33:10 11-01-2021	Authen success !	1
13:33:13 11-01-2021	Read camera document success !	1
13:33:13 11-01-2021	Read camera face success !	1
13:33:37 11-01-2021	Authen success !	1
13:33:39 11-01-2021	Read camera document success !	1
13:33:40 11-01-2021	Read camera face success !	1
13:34:10 11-01-2021	Authen success !	1
13:34:13 11-01-2021	Read camera document success !	1
13:34:13 11-01-2021	Read camera face success !	1
13:34:42 11-01-2021	Authen success !	1
13:34:44 11-01-2021	Read camera document success !	1
13:34:45 11-01-2021	Read camera face success !	1
13:35:11 11-01-2021	Authen success !	1
13:35:13 11-01-2021	Read camera document success !	1
13:35:13 11-01-2021	Read camera face success !	1
13:35:41 11-01-2021	Authen success !	1
13:35:43 11-01-2021	Read camera document success !	1
13:35:44 11-01-2021	Read camera face success !	1
13:36:10 11-01-2021	Authen success !	1
13:36:14 11-01-2021	Read camera document success !	1
13:36:15 11-01-2021	Read camera face success !	1
13:36:42 11-01-2021	Authen success !	1
13:36:44 11-01-2021	Read camera document success !	1
13:36:44 11-01-2021	Read camera face success !	1
13:37:13 11-01-2021	Authen success !	1
13:37:15 11-01-2021	Read camera document success !	1
13:37:16 11-01-2021	Read camera face success !	1
13:37:41 11-01-2021	Authen success !	1
13:37:43 11-01-2021	Read camera document success !	1
13:37:44 11-01-2021	Read camera face success !	1
13:38:10 11-01-2021	Authen success !	1
13:38:12 11-01-2021	Read camera document success !	1
13:38:12 11-01-2021	Read camera face success !	1
13:38:34 11-01-2021	Authen success !	1
13:38:36 11-01-2021	Read camera document success !	1
13:38:37 11-01-2021	Read camera face success !	1
13:39:01 11-01-2021	Authen success !	1
13:39:03 11-01-2021	Read camera document success !	1
13:39:03 11-01-2021	Read camera face success !	1
13:39:28 11-01-2021	Authen success !	1
13:39:30 11-01-2021	Read camera document success !	1
13:39:30 11-01-2021	Read camera face success !	1
13:39:52 11-01-2021	Authen success !	1
13:39:53 11-01-2021	Read camera document success !	1
13:39:54 11-01-2021	Read camera face success !	1
13:40:22 11-01-2021	Authen success !	1
13:40:24 11-01-2021	Read camera document success !	1
13:40:24 11-01-2021	Read camera face success !	1
