14:02:37 14-01-2021	bluetooth	Authen success !	1
14:02:41 14-01-2021	bluetooth	Read camera document success !	1
14:02:43 14-01-2021	bluetooth	Read camera face success !	1
14:02:43 14-01-2021	LAN	Read camera document success !	1
14:02:44 14-01-2021	LAN	Read camera document success !	1
14:02:44 14-01-2021	Wifi	Device dont have Wifi ip !	0
14:02:44 14-01-2021	Wifi	Something wrong !	0
17:04:46 14-01-2021	bluetooth	Fail to connect to device !	0
17:04:46 14-01-2021	LAN	Read camera document success !	1
17:04:47 14-01-2021	LAN	Read camera document success !	1
17:04:47 14-01-2021	Wifi	Device dont have Wifi ip !	0
17:04:47 14-01-2021	Wifi	Something wrong !	0
17:05:02 14-01-2021	bluetooth	Fail to connect to device !	0
17:05:02 14-01-2021	LAN	Read camera document success !	1
17:05:02 14-01-2021	LAN	Read camera document success !	1
17:05:02 14-01-2021	Wifi	Device dont have Wifi ip !	0
17:05:02 14-01-2021	Wifi	Something wrong !	0
17:05:15 14-01-2021	bluetooth	Fail to connect to device !	0
17:05:15 14-01-2021	LAN	Read camera document success !	1
17:05:15 14-01-2021	LAN	Read camera document success !	1
17:05:15 14-01-2021	Wifi	Device dont have Wifi ip !	0
17:05:15 14-01-2021	Wifi	Something wrong !	0
17:05:30 14-01-2021	bluetooth	Fail to connect to device !	0
17:05:30 14-01-2021	LAN	Read camera document success !	1
17:05:30 14-01-2021	LAN	Read camera document success !	1
17:05:30 14-01-2021	Wifi	Device dont have Wifi ip !	0
17:05:30 14-01-2021	Wifi	Something wrong !	0
17:05:43 14-01-2021	bluetooth	Fail to connect to device !	0
17:05:43 14-01-2021	LAN	Read camera document success !	1
17:05:43 14-01-2021	LAN	Read camera document success !	1
17:05:43 14-01-2021	Wifi	Device dont have Wifi ip !	0
17:05:43 14-01-2021	Wifi	Something wrong !	0
17:06:01 14-01-2021	bluetooth	Fail to connect to device !	0
17:06:01 14-01-2021	LAN	Read camera document success !	1
17:06:01 14-01-2021	LAN	Read camera document success !	1
17:06:01 14-01-2021	Wifi	Device dont have Wifi ip !	0
17:06:01 14-01-2021	Wifi	Something wrong !	0
17:06:18 14-01-2021	bluetooth	Fail to connect to device !	0
17:06:19 14-01-2021	LAN	Read camera document success !	1
17:06:19 14-01-2021	LAN	Read camera document success !	1
17:06:19 14-01-2021	Wifi	Device dont have Wifi ip !	0
17:06:19 14-01-2021	Wifi	Something wrong !	0
17:06:32 14-01-2021	bluetooth	Fail to connect to device !	0
17:06:32 14-01-2021	LAN	Read camera document success !	1
17:06:32 14-01-2021	LAN	Read camera document success !	1
17:06:32 14-01-2021	Wifi	Device dont have Wifi ip !	0
17:06:32 14-01-2021	Wifi	Something wrong !	0
17:06:45 14-01-2021	bluetooth	Fail to connect to device !	0
17:06:46 14-01-2021	LAN	Read camera document success !	1
17:06:46 14-01-2021	LAN	Read camera document success !	1
17:06:46 14-01-2021	Wifi	Device dont have Wifi ip !	0
17:06:46 14-01-2021	Wifi	Something wrong !	0
17:09:04 14-01-2021	bluetooth	Fail to connect to device !	0
17:09:04 14-01-2021	LAN	Read camera document success !	1
17:09:04 14-01-2021	LAN	Read camera document success !	1
17:09:04 14-01-2021	Wifi	Device dont have Wifi ip !	0
17:09:04 14-01-2021	Wifi	Something wrong !	0
17:09:30 14-01-2021	bluetooth	Fail to connect to device !	0
17:09:30 14-01-2021	LAN	Read camera document success !	1
17:09:30 14-01-2021	LAN	Read camera document success !	1
17:09:30 14-01-2021	Wifi	Device dont have Wifi ip !	0
17:09:31 14-01-2021	Wifi	Something wrong !	0
17:09:43 14-01-2021	bluetooth	Fail to connect to device !	0
17:09:43 14-01-2021	LAN	Read camera document success !	1
17:09:43 14-01-2021	LAN	Read camera document success !	1
17:09:43 14-01-2021	Wifi	Device dont have Wifi ip !	0
17:09:43 14-01-2021	Wifi	Something wrong !	0
17:10:01 14-01-2021	bluetooth	Fail to connect to device !	0
17:10:01 14-01-2021	LAN	Read camera document success !	1
17:10:01 14-01-2021	LAN	Read camera document success !	1
17:10:01 14-01-2021	Wifi	Something wrong !	0
17:12:12 14-01-2021	bluetooth	Fail to connect to device !	0
17:12:12 14-01-2021	LAN	Read camera document success !	1
17:12:13 14-01-2021	LAN	Read camera document success !	1
17:12:13 14-01-2021	Wifi	Device dont have Wifi ip !	0
17:12:13 14-01-2021	Wifi	Something wrong !	0
17:12:28 14-01-2021	bluetooth	Fail to connect to device !	0
17:12:28 14-01-2021	LAN	Read camera document success !	1
17:12:28 14-01-2021	LAN	Something wrong !	0
17:12:28 14-01-2021	Wifi	Device dont have Wifi ip !	0
17:12:28 14-01-2021	Wifi	Something wrong !	0
17:12:43 14-01-2021	bluetooth	Fail to connect to device !	0
17:12:44 14-01-2021	LAN	Read camera document success !	1
17:12:44 14-01-2021	LAN	Read camera document success !	1
17:12:44 14-01-2021	Wifi	Device dont have Wifi ip !	0
17:12:44 14-01-2021	Wifi	Something wrong !	0
17:12:56 14-01-2021	bluetooth	Fail to connect to device !	0
17:12:57 14-01-2021	LAN	Read camera document success !	1
17:12:57 14-01-2021	LAN	Read camera document success !	1
17:12:57 14-01-2021	Wifi	Device dont have Wifi ip !	0
17:12:57 14-01-2021	Wifi	Something wrong !	0
17:13:09 14-01-2021	bluetooth	Fail to connect to device !	0
17:13:10 14-01-2021	LAN	Read camera document success !	1
17:13:10 14-01-2021	LAN	Read camera document success !	1
17:13:10 14-01-2021	Wifi	Device dont have Wifi ip !	0
17:13:10 14-01-2021	Wifi	Something wrong !	0
17:13:25 14-01-2021	bluetooth	Fail to connect to device !	0
17:13:26 14-01-2021	LAN	Read camera document success !	1
17:13:26 14-01-2021	LAN	Read camera document success !	1
17:13:26 14-01-2021	Wifi	Device dont have Wifi ip !	0
17:13:26 14-01-2021	Wifi	Something wrong !	0
17:13:43 14-01-2021	bluetooth	Fail to connect to device !	0
17:13:43 14-01-2021	LAN	Read camera document success !	1
17:13:43 14-01-2021	LAN	Read camera document success !	1
17:13:43 14-01-2021	Wifi	Device dont have Wifi ip !	0
17:13:43 14-01-2021	Wifi	Something wrong !	0
17:14:00 14-01-2021	bluetooth	Fail to connect to device !	0
17:14:00 14-01-2021	LAN	Read camera document success !	1
17:14:00 14-01-2021	LAN	Read camera document success !	1
17:14:00 14-01-2021	Wifi	Device dont have Wifi ip !	0
17:14:00 14-01-2021	Wifi	Something wrong !	0
17:14:19 14-01-2021	bluetooth	Fail to connect to device !	0
17:14:20 14-01-2021	LAN	Read camera document success !	1
17:14:20 14-01-2021	LAN	Read camera document success !	1
17:14:20 14-01-2021	Wifi	Device dont have Wifi ip !	0
17:14:20 14-01-2021	Wifi	Something wrong !	0
17:14:32 14-01-2021	bluetooth	Fail to connect to device !	0
17:14:33 14-01-2021	LAN	Read camera document success !	1
17:14:33 14-01-2021	LAN	Read camera document success !	1
17:14:33 14-01-2021	Wifi	Device dont have Wifi ip !	0
17:14:33 14-01-2021	Wifi	Something wrong !	0
17:14:47 14-01-2021	bluetooth	Fail to connect to device !	0
17:14:47 14-01-2021	LAN	Read camera document success !	1
17:14:48 14-01-2021	LAN	Read camera document success !	1
17:14:48 14-01-2021	Wifi	Device dont have Wifi ip !	0
17:14:48 14-01-2021	Wifi	Something wrong !	0
17:15:00 14-01-2021	bluetooth	Fail to connect to device !	0
17:15:01 14-01-2021	LAN	Read camera document success !	1
17:15:01 14-01-2021	LAN	Read camera document success !	1
17:15:01 14-01-2021	Wifi	Device dont have Wifi ip !	0
17:15:01 14-01-2021	Wifi	Something wrong !	0
17:15:12 14-01-2021	bluetooth	Fail to connect to device !	0
17:15:13 14-01-2021	LAN	Read camera document success !	1
17:15:13 14-01-2021	LAN	Read camera document success !	1
17:36:06 14-01-2021	bluetooth	Cant scan device !	0
17:36:06 14-01-2021	LAN	Read camera document success !	1
17:36:07 14-01-2021	LAN	Read camera document success !	1
17:36:07 14-01-2021	Wifi	Something wrong !	0
17:36:23 14-01-2021	bluetooth	Cant scan device !	0
17:36:23 14-01-2021	LAN	Read camera document success !	1
17:36:23 14-01-2021	LAN	Read camera document success !	1
17:36:23 14-01-2021	Wifi	Device dont have Wifi ip !	0
17:36:23 14-01-2021	Wifi	Something wrong !	0
14:20:49 15-01-2021	bluetooth	Cant scan device !	0
14:25:20 15-01-2021	bluetooth	Cant scan device !	0
14:25:41 15-01-2021	LAN	Something wrong !	0
14:26:02 15-01-2021	Wifi	Something wrong !	0
14:26:18 15-01-2021	bluetooth	Cant scan device !	0
14:26:40 15-01-2021	LAN	Something wrong !	0
14:27:01 15-01-2021	Wifi	Something wrong !	0
14:27:18 15-01-2021	bluetooth	Cant scan device !	0
14:27:39 15-01-2021	LAN	Something wrong !	0
14:28:00 15-01-2021	Wifi	Something wrong !	0
14:28:08 15-01-2021	bluetooth	Cant scan device !	0
14:28:29 15-01-2021	LAN	Something wrong !	0
14:28:50 15-01-2021	Wifi	Something wrong !	0
14:28:55 15-01-2021	bluetooth	Cant scan device !	0
14:29:16 15-01-2021	LAN	Something wrong !	0
14:29:37 15-01-2021	Wifi	Something wrong !	0
14:29:50 15-01-2021	bluetooth	Cant scan device !	0
14:30:11 15-01-2021	LAN	Something wrong !	0
14:30:32 15-01-2021	Wifi	Something wrong !	0
14:30:37 15-01-2021	bluetooth	Cant scan device !	0
14:30:58 15-01-2021	LAN	Something wrong !	0
14:31:19 15-01-2021	Wifi	Something wrong !	0
14:31:33 15-01-2021	bluetooth	Cant scan device !	0
14:31:54 15-01-2021	LAN	Something wrong !	0
14:32:15 15-01-2021	Wifi	Something wrong !	0
