14:04:33 14-01-2021	bluetooth	Cant scan device !	0
14:04:34 14-01-2021	LAN	Read camera document success !	1
14:04:34 14-01-2021	LAN	Read camera document success !	1
14:04:34 14-01-2021	Wifi	Read camera document success !	1
14:04:35 14-01-2021	Wifi	Read camera document success !	1
14:04:46 14-01-2021	bluetooth	Cant scan device !	0
14:04:46 14-01-2021	LAN	Read camera document success !	1
14:04:47 14-01-2021	LAN	Read camera document success !	1
14:04:47 14-01-2021	Wifi	Read camera document success !	1
14:04:47 14-01-2021	Wifi	Read camera document success !	1
14:04:59 14-01-2021	bluetooth	Fail to connect to device !	0
14:04:59 14-01-2021	LAN	Read camera document success !	1
14:05:00 14-01-2021	LAN	Read camera document success !	1
14:05:00 14-01-2021	Wifi	Read camera document success !	1
14:05:00 14-01-2021	Wifi	Read camera document success !	1
14:05:17 14-01-2021	bluetooth	Fail to connect to device !	0
14:05:17 14-01-2021	LAN	Read camera document success !	1
14:05:17 14-01-2021	LAN	Read camera document success !	1
14:05:18 14-01-2021	Wifi	Read camera document success !	1
14:05:18 14-01-2021	Wifi	Read camera document success !	1
14:05:30 14-01-2021	bluetooth	Fail to connect to device !	0
14:05:30 14-01-2021	LAN	Read camera document success !	1
14:05:30 14-01-2021	LAN	Read camera document success !	1
14:05:31 14-01-2021	Wifi	Read camera document success !	1
14:05:31 14-01-2021	Wifi	Read camera document success !	1
14:05:48 14-01-2021	bluetooth	Fail to connect to device !	0
14:05:48 14-01-2021	LAN	Read camera document success !	1
14:05:48 14-01-2021	LAN	Read camera document success !	1
14:05:48 14-01-2021	Wifi	Read camera document success !	1
14:05:49 14-01-2021	Wifi	Read camera document success !	1
14:06:00 14-01-2021	bluetooth	Fail to connect to device !	0
14:06:00 14-01-2021	LAN	Read camera document success !	1
14:06:01 14-01-2021	LAN	Read camera document success !	1
14:06:01 14-01-2021	Wifi	Read camera document success !	1
14:06:01 14-01-2021	Wifi	Read camera document success !	1
14:06:12 14-01-2021	bluetooth	Fail to connect to device !	0
14:06:12 14-01-2021	LAN	Read camera document success !	1
14:06:12 14-01-2021	LAN	Read camera document success !	1
14:06:13 14-01-2021	Wifi	Read camera document success !	1
14:06:13 14-01-2021	Wifi	Read camera document success !	1
14:06:26 14-01-2021	bluetooth	Fail to connect to device !	0
14:06:26 14-01-2021	LAN	Read camera document success !	1
14:06:26 14-01-2021	LAN	Read camera document success !	1
14:06:26 14-01-2021	Wifi	Read camera document success !	1
14:06:27 14-01-2021	Wifi	Read camera document success !	1
14:06:38 14-01-2021	bluetooth	Fail to connect to device !	0
14:06:39 14-01-2021	LAN	Read camera document success !	1
14:06:39 14-01-2021	LAN	Read camera document success !	1
14:06:39 14-01-2021	Wifi	Read camera document success !	1
14:06:39 14-01-2021	Wifi	Read camera document success !	1
14:06:51 14-01-2021	bluetooth	Fail to connect to device !	0
14:06:51 14-01-2021	LAN	Read camera document success !	1
14:06:52 14-01-2021	LAN	Read camera document success !	1
14:06:52 14-01-2021	Wifi	Read camera document success !	1
14:06:52 14-01-2021	Wifi	Read camera document success !	1
14:07:08 14-01-2021	bluetooth	Fail to connect to device !	0
14:07:09 14-01-2021	LAN	Read camera document success !	1
14:07:09 14-01-2021	LAN	Read camera document success !	1
14:07:10 14-01-2021	Wifi	Read camera document success !	1
14:07:10 14-01-2021	Wifi	Read camera document success !	1
14:07:22 14-01-2021	bluetooth	Fail to connect to device !	0
14:07:22 14-01-2021	LAN	Read camera document success !	1
14:07:23 14-01-2021	LAN	Read camera document success !	1
14:07:23 14-01-2021	Wifi	Read camera document success !	1
14:07:23 14-01-2021	Wifi	Read camera document success !	1
14:07:35 14-01-2021	bluetooth	Fail to connect to device !	0
14:07:35 14-01-2021	LAN	Read camera document success !	1
14:29:30 14-01-2021	bluetooth	Cant scan device !	0
14:29:30 14-01-2021	LAN	Read camera document success !	1
14:29:31 14-01-2021	LAN	Read camera document success !	1
14:29:31 14-01-2021	Wifi	Read camera document success !	1
14:29:32 14-01-2021	Wifi	Read camera document success !	1
14:29:50 14-01-2021	bluetooth	Cant scan device !	0
14:29:50 14-01-2021	LAN	Read camera document success !	1
14:29:51 14-01-2021	LAN	Read camera document success !	1
14:29:51 14-01-2021	Wifi	Read camera document success !	1
14:29:52 14-01-2021	Wifi	Read camera document success !	1
16:42:18 14-01-2021	bluetooth	Cant scan device !	0
16:42:18 14-01-2021	LAN	Read camera document success !	1
16:42:18 14-01-2021	LAN	Read camera document success !	1
16:42:19 14-01-2021	Wifi	Read camera document success !	1
16:42:19 14-01-2021	Wifi	Read camera document success !	1
16:42:38 14-01-2021	bluetooth	Authen fail !	0
16:45:30 14-01-2021	bluetooth	Cant scan device !	0
16:45:30 14-01-2021	LAN	Read camera document success !	1
16:45:30 14-01-2021	LAN	Read camera document success !	1
16:45:30 14-01-2021	Wifi	Read camera document success !	1
16:45:31 14-01-2021	Wifi	Read camera document success !	1
16:45:43 14-01-2021	bluetooth	Cant scan device !	0
16:45:43 14-01-2021	LAN	Read camera document success !	1
16:45:44 14-01-2021	LAN	Read camera document success !	1
16:45:44 14-01-2021	Wifi	Read camera document success !	1
16:45:44 14-01-2021	Wifi	Read camera document success !	1
16:45:57 14-01-2021	bluetooth	Cant scan device !	0
16:45:57 14-01-2021	LAN	Read camera document success !	1
16:45:57 14-01-2021	LAN	Read camera document success !	1
16:45:58 14-01-2021	Wifi	Read camera document success !	1
16:45:58 14-01-2021	Wifi	Read camera document success !	1
17:03:45 14-01-2021	bluetooth	Cant scan device !	0
17:03:45 14-01-2021	LAN	Read camera document success !	1
17:03:45 14-01-2021	LAN	Read camera document success !	1
17:03:46 14-01-2021	Wifi	Read camera document success !	1
17:03:46 14-01-2021	Wifi	Read camera document success !	1
17:03:58 14-01-2021	bluetooth	Cant scan device !	0
17:03:58 14-01-2021	LAN	Read camera document success !	1
17:03:59 14-01-2021	LAN	Read camera document success !	1
17:03:59 14-01-2021	Wifi	Read camera document success !	1
17:03:59 14-01-2021	Wifi	Read camera document success !	1
17:07:26 14-01-2021	bluetooth	Cant scan device !	0
17:07:27 14-01-2021	LAN	Read camera document success !	1
17:07:27 14-01-2021	LAN	Read camera document success !	1
17:07:28 14-01-2021	Wifi	Read camera document success !	1
17:07:29 14-01-2021	Wifi	Read camera document success !	1
17:07:41 14-01-2021	bluetooth	Cant scan device !	0
17:07:41 14-01-2021	LAN	Read camera document success !	1
17:07:42 14-01-2021	LAN	Read camera document success !	1
17:07:42 14-01-2021	Wifi	Read camera document success !	1
17:07:42 14-01-2021	Wifi	Read camera document success !	1
17:07:55 14-01-2021	bluetooth	Cant scan device !	0
17:07:55 14-01-2021	LAN	Read camera document success !	1
17:07:55 14-01-2021	LAN	Read camera document success !	1
17:07:55 14-01-2021	Wifi	Read camera document success !	1
17:07:56 14-01-2021	Wifi	Read camera document success !	1
17:08:08 14-01-2021	bluetooth	Cant scan device !	0
17:08:08 14-01-2021	LAN	Read camera document success !	1
17:08:09 14-01-2021	LAN	Read camera document success !	1
17:08:09 14-01-2021	Wifi	Read camera document success !	1
17:08:09 14-01-2021	Wifi	Read camera document success !	1
17:08:22 14-01-2021	bluetooth	Cant scan device !	0
17:08:22 14-01-2021	LAN	Read camera document success !	1
17:08:22 14-01-2021	LAN	Read camera document success !	1
17:08:22 14-01-2021	Wifi	Read camera document success !	1
17:08:23 14-01-2021	Wifi	Read camera document success !	1
17:08:35 14-01-2021	bluetooth	Cant scan device !	0
17:08:35 14-01-2021	LAN	Read camera document success !	1
17:08:35 14-01-2021	LAN	Read camera document success !	1
17:08:36 14-01-2021	Wifi	Read camera document success !	1
17:08:36 14-01-2021	Wifi	Read camera document success !	1
17:08:50 14-01-2021	bluetooth	Cant scan device !	0
17:08:51 14-01-2021	LAN	Read camera document success !	1
17:08:51 14-01-2021	LAN	Read camera document success !	1
17:08:51 14-01-2021	Wifi	Read camera document success !	1
17:08:51 14-01-2021	Wifi	Read camera document success !	1
17:09:04 14-01-2021	bluetooth	Cant scan device !	0
17:09:04 14-01-2021	LAN	Read camera document success !	1
17:09:04 14-01-2021	LAN	Read camera document success !	1
17:09:04 14-01-2021	Wifi	Read camera document success !	1
17:09:05 14-01-2021	Wifi	Read camera document success !	1
17:09:30 14-01-2021	bluetooth	Cant scan device !	0
17:09:30 14-01-2021	LAN	Something wrong !	0
17:09:31 14-01-2021	Wifi	Read camera document success !	1
17:09:31 14-01-2021	Wifi	Read camera document success !	1
17:09:43 14-01-2021	bluetooth	Cant scan device !	0
17:09:43 14-01-2021	LAN	Something wrong !	0
17:09:43 14-01-2021	Wifi	Read camera document success !	1
17:09:44 14-01-2021	Wifi	Read camera document success !	1
17:10:01 14-01-2021	bluetooth	Cant scan device !	0
17:10:01 14-01-2021	LAN	Read camera document success !	1
17:10:02 14-01-2021	LAN	Read camera document success !	1
17:10:02 14-01-2021	Wifi	Read camera document success !	1
17:10:02 14-01-2021	Wifi	Read camera document success !	1
17:10:17 14-01-2021	bluetooth	Fail to connect to device !	0
17:10:17 14-01-2021	LAN	Read camera document success !	1
17:10:18 14-01-2021	LAN	Read camera document success !	1
17:10:18 14-01-2021	Wifi	Read camera document success !	1
17:10:19 14-01-2021	Wifi	Read camera document success !	1
17:10:33 14-01-2021	bluetooth	Fail to connect to device !	0
17:10:34 14-01-2021	LAN	Read camera document success !	1
17:10:35 14-01-2021	LAN	Read camera document success !	1
17:10:35 14-01-2021	Wifi	Read camera document success !	1
17:10:35 14-01-2021	Wifi	Read camera document success !	1
17:12:12 14-01-2021	bluetooth	Cant scan device !	0
17:12:12 14-01-2021	LAN	Read camera document success !	1
17:12:13 14-01-2021	LAN	Read camera document success !	1
17:12:13 14-01-2021	Wifi	Read camera document success !	1
17:12:13 14-01-2021	Wifi	Read camera document success !	1
17:12:28 14-01-2021	bluetooth	Fail to connect to device !	0
17:12:28 14-01-2021	LAN	Read camera document success !	1
17:12:29 14-01-2021	LAN	Read camera document success !	1
17:12:29 14-01-2021	Wifi	Read camera document success !	1
17:12:29 14-01-2021	Wifi	Read camera document success !	1
17:12:43 14-01-2021	bluetooth	Fail to connect to device !	0
17:12:43 14-01-2021	LAN	Read camera document success !	1
17:12:44 14-01-2021	LAN	Read camera document success !	1
17:12:44 14-01-2021	Wifi	Read camera document success !	1
17:12:44 14-01-2021	Wifi	Read camera document success !	1
17:12:56 14-01-2021	bluetooth	Fail to connect to device !	0
17:12:57 14-01-2021	LAN	Read camera document success !	1
17:12:57 14-01-2021	LAN	Read camera document success !	1
17:12:57 14-01-2021	Wifi	Read camera document success !	1
17:12:57 14-01-2021	Wifi	Read camera document success !	1
17:13:09 14-01-2021	bluetooth	Fail to connect to device !	0
17:13:10 14-01-2021	LAN	Read camera document success !	1
17:13:10 14-01-2021	LAN	Read camera document success !	1
17:13:10 14-01-2021	Wifi	Read camera document success !	1
17:13:11 14-01-2021	Wifi	Read camera document success !	1
17:13:25 14-01-2021	bluetooth	Fail to connect to device !	0
17:13:26 14-01-2021	LAN	Read camera document success !	1
17:13:26 14-01-2021	LAN	Read camera document success !	1
17:13:26 14-01-2021	Wifi	Read camera document success !	1
17:13:27 14-01-2021	Wifi	Read camera document success !	1
17:13:42 14-01-2021	bluetooth	Fail to connect to device !	0
17:13:43 14-01-2021	LAN	Read camera document success !	1
17:13:43 14-01-2021	LAN	Read camera document success !	1
17:13:44 14-01-2021	Wifi	Read camera document success !	1
17:13:44 14-01-2021	Wifi	Read camera document success !	1
17:14:00 14-01-2021	bluetooth	Fail to connect to device !	0
17:14:00 14-01-2021	LAN	Read camera document success !	1
17:14:00 14-01-2021	LAN	Read camera document success !	1
17:14:01 14-01-2021	Wifi	Read camera document success !	1
17:14:01 14-01-2021	Wifi	Read camera document success !	1
17:14:19 14-01-2021	bluetooth	Fail to connect to device !	0
17:14:20 14-01-2021	LAN	Read camera document success !	1
17:14:20 14-01-2021	LAN	Read camera document success !	1
17:14:20 14-01-2021	Wifi	Read camera document success !	1
17:14:21 14-01-2021	Wifi	Read camera document success !	1
17:14:32 14-01-2021	bluetooth	Fail to connect to device !	0
17:14:33 14-01-2021	LAN	Read camera document success !	1
17:14:34 14-01-2021	LAN	Read camera document success !	1
17:14:34 14-01-2021	Wifi	Read camera document success !	1
17:14:34 14-01-2021	Wifi	Read camera document success !	1
17:14:47 14-01-2021	bluetooth	Fail to connect to device !	0
17:14:48 14-01-2021	LAN	Read camera document success !	1
17:14:49 14-01-2021	LAN	Read camera document success !	1
17:14:50 14-01-2021	Wifi	Read camera document success !	1
17:14:50 14-01-2021	Wifi	Read camera document success !	1
17:15:00 14-01-2021	bluetooth	Fail to connect to device !	0
17:15:02 14-01-2021	LAN	Read camera document success !	1
17:15:02 14-01-2021	LAN	Read camera document success !	1
17:15:02 14-01-2021	Wifi	Read camera document success !	1
17:15:02 14-01-2021	Wifi	Read camera document success !	1
17:15:12 14-01-2021	bluetooth	Fail to connect to device !	0
17:15:13 14-01-2021	LAN	Read camera document success !	1
17:15:13 14-01-2021	LAN	Read camera document success !	1
17:37:35 14-01-2021	bluetooth	Fail to connect to device !	0
17:37:35 14-01-2021	LAN	Read camera document success !	1
17:37:35 14-01-2021	LAN	Read camera document success !	1
17:37:35 14-01-2021	Wifi	Read camera document success !	1
17:37:36 14-01-2021	Wifi	Read camera document success !	1
14:07:13 15-01-2021	bluetooth	Cant scan device !	0
14:07:34 15-01-2021	LAN	Something wrong !	0
14:07:55 15-01-2021	Wifi	Something wrong !	0
14:08:11 15-01-2021	bluetooth	Cant scan device !	0
14:08:33 15-01-2021	LAN	Something wrong !	0
14:08:54 15-01-2021	Wifi	Something wrong !	0
14:09:03 15-01-2021	bluetooth	Cant scan device !	0
14:09:24 15-01-2021	LAN	Something wrong !	0
14:20:49 15-01-2021	bluetooth	Cant scan device !	0
14:25:20 15-01-2021	bluetooth	Cant scan device !	0
14:25:41 15-01-2021	LAN	Something wrong !	0
14:26:02 15-01-2021	Wifi	Something wrong !	0
14:26:18 15-01-2021	bluetooth	Cant scan device !	0
14:26:40 15-01-2021	LAN	Something wrong !	0
14:27:01 15-01-2021	Wifi	Something wrong !	0
14:27:18 15-01-2021	bluetooth	Cant scan device !	0
14:27:39 15-01-2021	LAN	Something wrong !	0
14:28:00 15-01-2021	Wifi	Something wrong !	0
14:28:08 15-01-2021	bluetooth	Cant scan device !	0
14:28:29 15-01-2021	LAN	Something wrong !	0
14:28:50 15-01-2021	Wifi	Something wrong !	0
14:28:55 15-01-2021	bluetooth	Cant scan device !	0
14:29:16 15-01-2021	LAN	Something wrong !	0
14:29:37 15-01-2021	Wifi	Something wrong !	0
14:29:50 15-01-2021	bluetooth	Cant scan device !	0
14:30:11 15-01-2021	LAN	Something wrong !	0
14:30:32 15-01-2021	Wifi	Something wrong !	0
14:30:37 15-01-2021	bluetooth	Cant scan device !	0
14:30:58 15-01-2021	LAN	Something wrong !	0
14:31:19 15-01-2021	Wifi	Something wrong !	0
14:31:33 15-01-2021	bluetooth	Cant scan device !	0
14:31:54 15-01-2021	LAN	Something wrong !	0
14:32:15 15-01-2021	Wifi	Something wrong !	0
